#
# There is insufficient memory for the Java Runtime Environment to continue.
# Native memory allocation (malloc) failed to allocate 32744 bytes for ChunkPool::allocate
# Possible reasons:
#   The system is out of physical RAM or swap space
#   In 32 bit mode, the process size limit was hit
# Possible solutions:
#   Reduce memory load on the system
#   Increase physical memory or swap space
#   Check if swap backing store is full
#   Use 64 bit Java on a 64 bit OS
#   Decrease Java heap size (-Xmx/-Xms)
#   Decrease number of Java threads
#   Decrease Java thread stack sizes (-Xss)
#   Set larger code cache with -XX:ReservedCodeCacheSize=
# This output file may be truncated or incomplete.
#
#  Out of Memory Error (allocation.cpp:273), pid=9780, tid=0x000000000000070c
#
# JRE version: Java(TM) SE Runtime Environment (8.0_144-b01) (build 1.8.0_144-b01)
# Java VM: Java HotSpot(TM) 64-Bit Server VM (25.144-b01 mixed mode windows-amd64 compressed oops)
# Failed to write core dump. Minidumps are not enabled by default on client versions of Windows
#

---------------  T H R E A D  ---------------

Current thread (0x0000000014938000):  JavaThread "C2 CompilerThread0" daemon [_thread_in_native, id=1804, stack(0x00000000159a0000,0x0000000015aa0000)]

Stack: [0x00000000159a0000,0x0000000015aa0000]
[error occurred during error reporting (printing stack bounds), id 0xc0000005]

Native frames: (J=compiled Java code, j=interpreted, Vv=VM code, C=native code)


Current CompileTask:
C2: 933094 5279   !   4       sun.nio.ch.WindowsSelectorImpl$SubSelector::processFDSet (374 bytes)


---------------  P R O C E S S  ---------------

Java Threads: ( => current thread )
  0x0000000016837000 JavaThread "DestroyJavaVM" [_thread_blocked, id=4116, stack(0x00000000022b0000,0x00000000023b0000)]
  0x0000000016838000 JavaThread "http-nio-8080-Acceptor" daemon [_thread_in_native, id=8996, stack(0x000000001e530000,0x000000001e630000)]
  0x000000001ad0a000 JavaThread "http-nio-8080-ClientPoller" daemon [_thread_in_native, id=4880, stack(0x000000001e430000,0x000000001e530000)]
  0x000000001ad09800 JavaThread "http-nio-8080-exec-10" daemon [_thread_blocked, id=10208, stack(0x000000001e330000,0x000000001e430000)]
  0x000000001ad0e800 JavaThread "http-nio-8080-exec-9" daemon [_thread_blocked, id=10676, stack(0x000000001e230000,0x000000001e330000)]
  0x000000001ad0d000 JavaThread "http-nio-8080-exec-8" daemon [_thread_blocked, id=2344, stack(0x000000001e130000,0x000000001e230000)]
  0x000000001ad0b000 JavaThread "http-nio-8080-exec-7" daemon [_thread_blocked, id=7148, stack(0x000000001e030000,0x000000001e130000)]
  0x000000001ad0e000 JavaThread "http-nio-8080-exec-6" daemon [_thread_blocked, id=4472, stack(0x000000001df30000,0x000000001e030000)]
  0x000000001ad08800 JavaThread "http-nio-8080-exec-5" daemon [_thread_blocked, id=10404, stack(0x000000001de30000,0x000000001df30000)]
  0x000000001ad0f800 JavaThread "http-nio-8080-exec-4" daemon [_thread_blocked, id=8840, stack(0x000000001dd30000,0x000000001de30000)]
  0x000000001ad0c800 JavaThread "http-nio-8080-exec-3" daemon [_thread_blocked, id=10220, stack(0x000000001dc30000,0x000000001dd30000)]
  0x000000001ad0b800 JavaThread "http-nio-8080-exec-2" daemon [_thread_blocked, id=916, stack(0x000000001db30000,0x000000001dc30000)]
  0x00000000172d4800 JavaThread "http-nio-8080-exec-1" daemon [_thread_blocked, id=6476, stack(0x000000001da30000,0x000000001db30000)]
  0x00000000172d9000 JavaThread "http-nio-8080-BlockPoller" daemon [_thread_in_native, id=6796, stack(0x000000001d930000,0x000000001da30000)]
  0x00000000172d6000 JavaThread "File Watcher" daemon [_thread_blocked, id=9344, stack(0x000000001d830000,0x000000001d930000)]
  0x00000000172d7800 JavaThread "Live Reload Server" daemon [_thread_in_native, id=4884, stack(0x000000001cf50000,0x000000001d050000)]
  0x00000000172d8000 JavaThread "HikariPool-1 housekeeper" daemon [_thread_blocked, id=2136, stack(0x000000001c450000,0x000000001c550000)]
  0x00000000172d3000 JavaThread "mysql-cj-abandoned-connection-cleanup" daemon [_thread_blocked, id=2644, stack(0x000000001bc50000,0x000000001bd50000)]
  0x00000000172d6800 JavaThread "container-0" [_thread_blocked, id=1976, stack(0x000000001bb50000,0x000000001bc50000)]
  0x00000000172d2000 JavaThread "Catalina-utility-2" [_thread_blocked, id=11012, stack(0x000000001a5b0000,0x000000001a6b0000)]
  0x00000000172d5000 JavaThread "Catalina-utility-1" [_thread_blocked, id=6232, stack(0x000000001a1f0000,0x000000001a2f0000)]
  0x00000000149a1000 JavaThread "Service Thread" daemon [_thread_blocked, id=1136, stack(0x0000000015ba0000,0x0000000015ca0000)]
  0x000000001499c000 JavaThread "C1 CompilerThread1" daemon [_thread_blocked, id=10996, stack(0x0000000015aa0000,0x0000000015ba0000)]
=>0x0000000014938000 JavaThread "C2 CompilerThread0" daemon [_thread_in_native, id=1804, stack(0x00000000159a0000,0x0000000015aa0000)]
  0x000000001494c800 JavaThread "Attach Listener" daemon [_thread_blocked, id=10760, stack(0x00000000158a0000,0x00000000159a0000)]
  0x0000000014949000 JavaThread "Signal Dispatcher" daemon [_thread_blocked, id=3708, stack(0x00000000157a0000,0x00000000158a0000)]
  0x0000000014928800 JavaThread "Finalizer" daemon [_thread_blocked, id=7576, stack(0x0000000015580000,0x0000000015680000)]
  0x0000000002581000 JavaThread "Reference Handler" daemon [_thread_blocked, id=2128, stack(0x0000000015480000,0x0000000015580000)]

Other Threads:
  0x0000000014905800 VMThread [stack: 0x0000000015380000,0x0000000015480000] [id=10732]
  0x00000000149d1800 WatcherThread [stack: 0x0000000015ca0000,0x0000000015da0000] [id=6164]

VM state:not at safepoint (normal execution)

VM Mutex/Monitor currently owned by a thread: None

Heap:
 PSYoungGen      total 307200K, used 119217K [0x00000000eb300000, 0x00000000ffb80000, 0x0000000100000000)
  eden space 295424K, 40% used [0x00000000eb300000,0x00000000f276c688,0x00000000fd380000)
  from space 11776K, 0% used [0x00000000fe600000,0x00000000fe600000,0x00000000ff180000)
  to   space 18944K, 0% used [0x00000000fd380000,0x00000000fd380000,0x00000000fe600000)
 ParOldGen       total 67584K, used 34533K [0x00000000c1800000, 0x00000000c5a00000, 0x00000000eb300000)
  object space 67584K, 51% used [0x00000000c1800000,0x00000000c39b97b0,0x00000000c5a00000)
 Metaspace       used 59915K, capacity 63036K, committed 63192K, reserved 1103872K
  class space    used 8187K, capacity 8696K, committed 8704K, reserved 1048576K

Card table byte_map: [0x0000000011950000,0x0000000011b50000] byte_map_base: 0x0000000011344000

Marking Bits: (ParMarkBitMap*) 0x0000000053a9d850
 Begin Bits: [0x0000000011ea0000, 0x0000000012e40000)
 End Bits:   [0x0000000012e40000, 0x0000000013de0000)

Polling page: 0x0000000000680000

CodeCache: size=245760Kb used=13463Kb max_used=13778Kb free=232296Kb
 bounds [0x0000000002590000, 0x0000000003320000, 0x0000000011590000]
 total_blobs=5204 nmethods=4626 adapters=490
 compilation: enabled

Compilation events (10 events):
Event: 812.113 Thread 0x000000001499c000 nmethod 5274 0x0000000002ea4bd0 code [0x0000000002ea4de0, 0x0000000002ea5818]
Event: 849.863 Thread 0x0000000014938000 5275   !   4       java.util.AbstractSet::equals (48 bytes)
Event: 849.866 Thread 0x0000000014938000 nmethod 5275 0x0000000002818410 code [0x0000000002818560, 0x0000000002818738]
Event: 922.196 Thread 0x000000001499c000 5276       3       java.util.concurrent.locks.ReentrantReadWriteLock$Sync::tryAcquireShared (177 bytes)
Event: 922.199 Thread 0x000000001499c000 nmethod 5276 0x0000000002a48a90 code [0x0000000002a48cc0, 0x0000000002a49d88]
Event: 922.200 Thread 0x000000001499c000 5277       3       java.util.concurrent.locks.ReentrantReadWriteLock$Sync::tryReleaseShared (147 bytes)
Event: 922.202 Thread 0x000000001499c000 nmethod 5277 0x0000000002755610 code [0x0000000002755820, 0x00000000027564a8]
Event: 922.272 Thread 0x000000001499c000 5278       3       java.util.concurrent.locks.AbstractQueuedSynchronizer::doReleaseShared (79 bytes)
Event: 922.273 Thread 0x000000001499c000 nmethod 5278 0x0000000002a5eb50 code [0x0000000002a5ed00, 0x0000000002a5f2c8]
Event: 930.444 Thread 0x0000000014938000 5279   !   4       sun.nio.ch.WindowsSelectorImpl$SubSelector::processFDSet (374 bytes)

GC Heap History (10 events):
Event: 19.596 GC heap before
{Heap before GC invocations=11 (full 1):
 PSYoungGen      total 137728K, used 137723K [0x00000000eb300000, 0x00000000f8a80000, 0x0000000100000000)
  eden space 129024K, 100% used [0x00000000eb300000,0x00000000f3100000,0x00000000f3100000)
  from space 8704K, 99% used [0x00000000f3100000,0x00000000f397ef78,0x00000000f3980000)
  to   space 10240K, 0% used [0x00000000f8080000,0x00000000f8080000,0x00000000f8a80000)
 ParOldGen       total 26112K, used 5750K [0x00000000c1800000, 0x00000000c3180000, 0x00000000eb300000)
  object space 26112K, 22% used [0x00000000c1800000,0x00000000c1d9d868,0x00000000c3180000)
 Metaspace       used 31788K, capacity 33650K, committed 34048K, reserved 1079296K
  class space    used 4146K, capacity 4489K, committed 4608K, reserved 1048576K
Event: 19.658 GC heap after
Heap after GC invocations=11 (full 1):
 PSYoungGen      total 208896K, used 9667K [0x00000000eb300000, 0x00000000f8c00000, 0x0000000100000000)
  eden space 198656K, 0% used [0x00000000eb300000,0x00000000eb300000,0x00000000f7500000)
  from space 10240K, 94% used [0x00000000f8080000,0x00000000f89f0f50,0x00000000f8a80000)
  to   space 11776K, 0% used [0x00000000f7500000,0x00000000f7500000,0x00000000f8080000)
 ParOldGen       total 26112K, used 5758K [0x00000000c1800000, 0x00000000c3180000, 0x00000000eb300000)
  object space 26112K, 22% used [0x00000000c1800000,0x00000000c1d9f868,0x00000000c3180000)
 Metaspace       used 31788K, capacity 33650K, committed 34048K, reserved 1079296K
  class space    used 4146K, capacity 4489K, committed 4608K, reserved 1048576K
}
Event: 20.696 GC heap before
{Heap before GC invocations=12 (full 1):
 PSYoungGen      total 208896K, used 27058K [0x00000000eb300000, 0x00000000f8c00000, 0x0000000100000000)
  eden space 198656K, 8% used [0x00000000eb300000,0x00000000ec3fbc28,0x00000000f7500000)
  from space 10240K, 94% used [0x00000000f8080000,0x00000000f89f0f50,0x00000000f8a80000)
  to   space 11776K, 0% used [0x00000000f7500000,0x00000000f7500000,0x00000000f8080000)
 ParOldGen       total 26112K, used 5758K [0x00000000c1800000, 0x00000000c3180000, 0x00000000eb300000)
  object space 26112K, 22% used [0x00000000c1800000,0x00000000c1d9f868,0x00000000c3180000)
 Metaspace       used 33519K, capacity 35366K, committed 35416K, reserved 1079296K
  class space    used 4360K, capacity 4693K, committed 4736K, reserved 1048576K
Event: 20.729 GC heap after
Heap after GC invocations=12 (full 1):
 PSYoungGen      total 210432K, used 1702K [0x00000000eb300000, 0x00000000ff180000, 0x0000000100000000)
  eden space 198656K, 0% used [0x00000000eb300000,0x00000000eb300000,0x00000000f7500000)
  from space 11776K, 14% used [0x00000000f7500000,0x00000000f76a99b0,0x00000000f8080000)
  to   space 11776K, 0% used [0x00000000fe600000,0x00000000fe600000,0x00000000ff180000)
 ParOldGen       total 26112K, used 11941K [0x00000000c1800000, 0x00000000c3180000, 0x00000000eb300000)
  object space 26112K, 45% used [0x00000000c1800000,0x00000000c23a9670,0x00000000c3180000)
 Metaspace       used 33519K, capacity 35366K, committed 35416K, reserved 1079296K
  class space    used 4360K, capacity 4693K, committed 4736K, reserved 1048576K
}
Event: 20.729 GC heap before
{Heap before GC invocations=13 (full 2):
 PSYoungGen      total 210432K, used 1702K [0x00000000eb300000, 0x00000000ff180000, 0x0000000100000000)
  eden space 198656K, 0% used [0x00000000eb300000,0x00000000eb300000,0x00000000f7500000)
  from space 11776K, 14% used [0x00000000f7500000,0x00000000f76a99b0,0x00000000f8080000)
  to   space 11776K, 0% used [0x00000000fe600000,0x00000000fe600000,0x00000000ff180000)
 ParOldGen       total 26112K, used 11941K [0x00000000c1800000, 0x00000000c3180000, 0x00000000eb300000)
  object space 26112K, 45% used [0x00000000c1800000,0x00000000c23a9670,0x00000000c3180000)
 Metaspace       used 33519K, capacity 35366K, committed 35416K, reserved 1079296K
  class space    used 4360K, capacity 4693K, committed 4736K, reserved 1048576K
Event: 20.951 GC heap after
Heap after GC invocations=13 (full 2):
 PSYoungGen      total 210432K, used 0K [0x00000000eb300000, 0x00000000ff180000, 0x0000000100000000)
  eden space 198656K, 0% used [0x00000000eb300000,0x00000000eb300000,0x00000000f7500000)
  from space 11776K, 0% used [0x00000000f7500000,0x00000000f7500000,0x00000000f8080000)
  to   space 11776K, 0% used [0x00000000fe600000,0x00000000fe600000,0x00000000ff180000)
 ParOldGen       total 37376K, used 11873K [0x00000000c1800000, 0x00000000c3c80000, 0x00000000eb300000)
  object space 37376K, 31% used [0x00000000c1800000,0x00000000c2398750,0x00000000c3c80000)
 Metaspace       used 33519K, capacity 35366K, committed 35416K, reserved 1079296K
  class space    used 4360K, capacity 4693K, committed 4736K, reserved 1048576K
}
Event: 37.196 GC heap before
{Heap before GC invocations=14 (full 2):
 PSYoungGen      total 210432K, used 198284K [0x00000000eb300000, 0x00000000ff180000, 0x0000000100000000)
  eden space 198656K, 99% used [0x00000000eb300000,0x00000000f74a3170,0x00000000f7500000)
  from space 11776K, 0% used [0x00000000f7500000,0x00000000f7500000,0x00000000f8080000)
  to   space 11776K, 0% used [0x00000000fe600000,0x00000000fe600000,0x00000000ff180000)
 ParOldGen       total 37376K, used 11873K [0x00000000c1800000, 0x00000000c3c80000, 0x00000000eb300000)
  object space 37376K, 31% used [0x00000000c1800000,0x00000000c2398750,0x00000000c3c80000)
 Metaspace       used 55983K, capacity 59004K, committed 59028K, reserved 1099776K
  class space    used 7682K, capacity 8188K, committed 8192K, reserved 1048576K
Event: 37.465 GC heap after
Heap after GC invocations=14 (full 2):
 PSYoungGen      total 307200K, used 11768K [0x00000000eb300000, 0x00000000ffb80000, 0x0000000100000000)
  eden space 295424K, 0% used [0x00000000eb300000,0x00000000eb300000,0x00000000fd380000)
  from space 11776K, 99% used [0x00000000fe600000,0x00000000ff17e2f0,0x00000000ff180000)
  to   space 18944K, 0% used [0x00000000fd380000,0x00000000fd380000,0x00000000fe600000)
 ParOldGen       total 37376K, used 25992K [0x00000000c1800000, 0x00000000c3c80000, 0x00000000eb300000)
  object space 37376K, 69% used [0x00000000c1800000,0x00000000c31621e0,0x00000000c3c80000)
 Metaspace       used 55983K, capacity 59004K, committed 59028K, reserved 1099776K
  class space    used 7682K, capacity 8188K, committed 8192K, reserved 1048576K
}
Event: 37.465 GC heap before
{Heap before GC invocations=15 (full 3):
 PSYoungGen      total 307200K, used 11768K [0x00000000eb300000, 0x00000000ffb80000, 0x0000000100000000)
  eden space 295424K, 0% used [0x00000000eb300000,0x00000000eb300000,0x00000000fd380000)
  from space 11776K, 99% used [0x00000000fe600000,0x00000000ff17e2f0,0x00000000ff180000)
  to   space 18944K, 0% used [0x00000000fd380000,0x00000000fd380000,0x00000000fe600000)
 ParOldGen       total 37376K, used 25992K [0x00000000c1800000, 0x00000000c3c80000, 0x00000000eb300000)
  object space 37376K, 69% used [0x00000000c1800000,0x00000000c31621e0,0x00000000c3c80000)
 Metaspace       used 55983K, capacity 59004K, committed 59028K, reserved 1099776K
  class space    used 7682K, capacity 8188K, committed 8192K, reserved 1048576K
Event: 38.453 GC heap after
Heap after GC invocations=15 (full 3):
 PSYoungGen      total 307200K, used 0K [0x00000000eb300000, 0x00000000ffb80000, 0x0000000100000000)
  eden space 295424K, 0% used [0x00000000eb300000,0x00000000eb300000,0x00000000fd380000)
  from space 11776K, 0% used [0x00000000fe600000,0x00000000fe600000,0x00000000ff180000)
  to   space 18944K, 0% used [0x00000000fd380000,0x00000000fd380000,0x00000000fe600000)
 ParOldGen       total 67584K, used 34533K [0x00000000c1800000, 0x00000000c5a00000, 0x00000000eb300000)
  object space 67584K, 51% used [0x00000000c1800000,0x00000000c39b97b0,0x00000000c5a00000)
 Metaspace       used 55979K, capacity 58998K, committed 59028K, reserved 1099776K
  class space    used 7681K, capacity 8187K, committed 8192K, reserved 1048576K
}

Deoptimization events (10 events):
Event: 37.178 Thread 0x0000000016f4b000 Uncommon trap: reason=unstable_if action=reinterpret pc=0x00000000026af218 method=java.lang.CharacterDataLatin1.isWhitespace(I)Z @ 14
Event: 37.178 Thread 0x0000000016f4b000 Uncommon trap: reason=unstable_if action=reinterpret pc=0x00000000028dc444 method=java.lang.CharacterDataLatin1.isWhitespace(I)Z @ 14
Event: 39.522 Thread 0x0000000016f4b000 Uncommon trap: reason=unstable_if action=reinterpret pc=0x0000000002eca4a8 method=java.lang.Class.arrayContentsEq([Ljava/lang/Object;[Ljava/lang/Object;)Z @ 1
Event: 97.541 Thread 0x00000000172d4800 Uncommon trap: reason=bimorphic action=maybe_recompile pc=0x00000000032a2060 method=java.util.Collections$UnmodifiableCollection.contains(Ljava/lang/Object;)Z @ 5
Event: 97.545 Thread 0x00000000172d4800 Uncommon trap: reason=bimorphic action=maybe_recompile pc=0x00000000032a2060 method=java.util.Collections$UnmodifiableCollection.contains(Ljava/lang/Object;)Z @ 5
Event: 97.545 Thread 0x00000000172d4800 Uncommon trap: reason=bimorphic action=maybe_recompile pc=0x00000000032a2060 method=java.util.Collections$UnmodifiableCollection.contains(Ljava/lang/Object;)Z @ 5
Event: 97.545 Thread 0x00000000172d4800 Uncommon trap: reason=bimorphic action=maybe_recompile pc=0x00000000032a2060 method=java.util.Collections$UnmodifiableCollection.contains(Ljava/lang/Object;)Z @ 5
Event: 409.456 Thread 0x00000000172d6000 Uncommon trap: reason=null_check action=make_not_entrant pc=0x0000000002946674 method=org.springframework.core.annotation.TypeMappedAnnotations.get(Ljava/lang/Class;Ljava/util/function/Predicate;Lorg/springframework/core/annotation/MergedAnnotationSelecto
Event: 466.996 Thread 0x00000000172d6000 Uncommon trap: reason=unstable_if action=reinterpret pc=0x0000000002985228 method=java.util.AbstractCollection.containsAll(Ljava/util/Collection;)Z @ 28
Event: 670.386 Thread 0x00000000172d6000 Uncommon trap: reason=unstable_if action=reinterpret pc=0x0000000002c082a8 method=org.springframework.boot.devtools.filewatch.FileSnapshot.equals(Ljava/lang/Object;)Z @ 71

Internal exceptions (10 events):
Event: 39.543 Thread 0x0000000016f4b000 Exception <a 'java/lang/ClassNotFoundException': com/to52/entities/CompteEpargneCustomizer> (0x00000000eb87b048) thrown at [C:\re\workspace\8-2-build-windows-amd64-cygwin\jdk8u144\9417\hotspot\src\share\vm\classfile\systemDictionary.cpp, line 210]
Event: 39.582 Thread 0x0000000016f4b000 Exception <a 'java/lang/ClassNotFoundException': java/lang/ObjectCustomizer> (0x00000000eb898e88) thrown at [C:\re\workspace\8-2-build-windows-amd64-cygwin\jdk8u144\9417\hotspot\src\share\vm\classfile\systemDictionary.cpp, line 210]
Event: 39.585 Thread 0x0000000016f4b000 Exception <a 'java/lang/ClassNotFoundException': com/to52/entities/OperationCustomizer> (0x00000000eb8aebd0) thrown at [C:\re\workspace\8-2-build-windows-amd64-cygwin\jdk8u144\9417\hotspot\src\share\vm\classfile\systemDictionary.cpp, line 210]
Event: 39.587 Thread 0x0000000016f4b000 Exception <a 'java/lang/ClassNotFoundException': com/to52/entities/VersementCustomizer> (0x00000000eb8c1a20) thrown at [C:\re\workspace\8-2-build-windows-amd64-cygwin\jdk8u144\9417\hotspot\src\share\vm\classfile\systemDictionary.cpp, line 210]
Event: 39.713 Thread 0x0000000016f4b000 Exception <a 'java/lang/ClassNotFoundException': java/lang/ObjectCustomizer> (0x00000000eb9006c0) thrown at [C:\re\workspace\8-2-build-windows-amd64-cygwin\jdk8u144\9417\hotspot\src\share\vm\classfile\systemDictionary.cpp, line 210]
Event: 39.717 Thread 0x0000000016f4b000 Exception <a 'java/lang/ClassNotFoundException': com/to52/entities/OperationCustomizer> (0x00000000eb916408) thrown at [C:\re\workspace\8-2-build-windows-amd64-cygwin\jdk8u144\9417\hotspot\src\share\vm\classfile\systemDictionary.cpp, line 210]
Event: 39.719 Thread 0x0000000016f4b000 Exception <a 'java/lang/ClassNotFoundException': com/to52/entities/RetraitCustomizer> (0x00000000eb928950) thrown at [C:\re\workspace\8-2-build-windows-amd64-cygwin\jdk8u144\9417\hotspot\src\share\vm\classfile\systemDictionary.cpp, line 210]
Event: 39.994 Thread 0x0000000016f4b000 Exception <a 'java/lang/NoSuchMethodError': java.lang.Object.lambda$mapIfAllPresent$6(Ljava/util/Optional;Ljava/util/function/BiFunction;Ljava/lang/Object;)Ljava/util/Optional;> (0x00000000eba5a340) thrown at [C:\re\workspace\8-2-build-windows-amd64-cygwi
Event: 39.995 Thread 0x0000000016f4b000 Exception <a 'java/lang/NoSuchMethodError': java.lang.Object.lambda$null$5(Ljava/util/function/BiFunction;Ljava/lang/Object;Ljava/lang/Object;)Ljava/lang/Object;> (0x00000000eba5e890) thrown at [C:\re\workspace\8-2-build-windows-amd64-cygwin\jdk8u144\9417
Event: 409.455 Thread 0x00000000172d6000 Implicit null exception at 0x00000000029465f7 to 0x0000000002946668

Events (10 events):
Event: 849.884 Thread 0x0000000014938000 flushing nmethod 0x0000000002a04150
Event: 849.884 Thread 0x0000000014938000 flushing nmethod 0x0000000002a15d10
Event: 849.884 Thread 0x0000000014938000 flushing nmethod 0x0000000002a48590
Event: 849.884 Thread 0x0000000014938000 flushing nmethod 0x0000000002a48b50
Event: 849.884 Thread 0x0000000014938000 flushing nmethod 0x0000000002a5eb50
Event: 922.199 Thread 0x000000001499c000 flushing nmethod 0x0000000002a967d0
Event: 922.202 Thread 0x000000001499c000 flushing nmethod 0x0000000002b27b90
Event: 922.272 Thread 0x000000001499c000 flushing nmethod 0x0000000002bb9050
Event: 922.272 Thread 0x000000001499c000 flushing nmethod 0x0000000002bc9350
Event: 922.274 Thread 0x000000001499c000 flushing nmethod 0x0000000002cdc4d0


Dynamic libraries:
0x00007ff6a84a0000 - 0x00007ff6a84d7000 	C:\Program Files\Java\jdk1.8.0_144\bin\javaw.exe
0x00007ffd427f0000 - 0x00007ffd429d1000 	C:\WINDOWS\SYSTEM32\ntdll.dll
0x00007ffd3fc70000 - 0x00007ffd3fd21000 	C:\WINDOWS\System32\KERNEL32.DLL
0x00007ffd3ebb0000 - 0x00007ffd3ee23000 	C:\WINDOWS\System32\KERNELBASE.dll
0x00007ffd3fdb0000 - 0x00007ffd3fe51000 	C:\WINDOWS\System32\ADVAPI32.dll
0x00007ffd42210000 - 0x00007ffd422ae000 	C:\WINDOWS\System32\msvcrt.dll
0x00007ffd40560000 - 0x00007ffd405bb000 	C:\WINDOWS\System32\sechost.dll
0x00007ffd42690000 - 0x00007ffd427b4000 	C:\WINDOWS\System32\RPCRT4.dll
0x00007ffd41db0000 - 0x00007ffd41f40000 	C:\WINDOWS\System32\USER32.dll
0x00007ffd3ee30000 - 0x00007ffd3ee50000 	C:\WINDOWS\System32\win32u.dll
0x00007ffd422e0000 - 0x00007ffd42308000 	C:\WINDOWS\System32\GDI32.dll
0x00007ffd3ef00000 - 0x00007ffd3f091000 	C:\WINDOWS\System32\gdi32full.dll
0x00007ffd3f930000 - 0x00007ffd3f9cf000 	C:\WINDOWS\System32\msvcp_win.dll
0x00007ffd3f120000 - 0x00007ffd3f218000 	C:\WINDOWS\System32\ucrtbase.dll
0x00007ffd35990000 - 0x00007ffd35bf9000 	C:\WINDOWS\WinSxS\amd64_microsoft.windows.common-controls_6595b64144ccf1df_6.0.17134.1246_none_d3ffb9d77c90723d\COMCTL32.dll
0x00007ffd41a20000 - 0x00007ffd41d41000 	C:\WINDOWS\System32\combase.dll
0x00007ffd3f0a0000 - 0x00007ffd3f119000 	C:\WINDOWS\System32\bcryptPrimitives.dll
0x00007ffd422b0000 - 0x00007ffd422dd000 	C:\WINDOWS\System32\IMM32.DLL
0x0000000052f10000 - 0x0000000052fe2000 	C:\Program Files\Java\jdk1.8.0_144\jre\bin\msvcr100.dll
0x0000000053280000 - 0x0000000053b1d000 	C:\Program Files\Java\jdk1.8.0_144\jre\bin\server\jvm.dll
0x00007ffd402b0000 - 0x00007ffd402b8000 	C:\WINDOWS\System32\PSAPI.DLL
0x00007ffd31530000 - 0x00007ffd31539000 	C:\WINDOWS\SYSTEM32\WSOCK32.dll
0x00007ffd420a0000 - 0x00007ffd4210c000 	C:\WINDOWS\System32\WS2_32.dll
0x00007ffd3cd60000 - 0x00007ffd3cd83000 	C:\WINDOWS\SYSTEM32\WINMM.dll
0x00007ffd381e0000 - 0x00007ffd381ea000 	C:\WINDOWS\SYSTEM32\VERSION.dll
0x00007ffd3cd00000 - 0x00007ffd3cd2a000 	C:\WINDOWS\SYSTEM32\WINMMBASE.dll
0x00007ffd3ee50000 - 0x00007ffd3ee99000 	C:\WINDOWS\System32\cfgmgr32.dll
0x0000000053270000 - 0x000000005327f000 	C:\Program Files\Java\jdk1.8.0_144\jre\bin\verify.dll
0x0000000053240000 - 0x0000000053269000 	C:\Program Files\Java\jdk1.8.0_144\jre\bin\java.dll
0x0000000053220000 - 0x0000000053236000 	C:\Program Files\Java\jdk1.8.0_144\jre\bin\zip.dll
0x00007ffd405d0000 - 0x00007ffd41a15000 	C:\WINDOWS\System32\SHELL32.dll
0x00007ffd42310000 - 0x00007ffd423b9000 	C:\WINDOWS\System32\shcore.dll
0x00007ffd3f220000 - 0x00007ffd3f930000 	C:\WINDOWS\System32\windows.storage.dll
0x00007ffd40380000 - 0x00007ffd403d1000 	C:\WINDOWS\System32\shlwapi.dll
0x00007ffd3eb20000 - 0x00007ffd3eb31000 	C:\WINDOWS\System32\kernel.appcore.dll
0x00007ffd3eb40000 - 0x00007ffd3eb5f000 	C:\WINDOWS\System32\profapi.dll
0x00007ffd3eb60000 - 0x00007ffd3ebac000 	C:\WINDOWS\System32\powrprof.dll
0x00007ffd3eaf0000 - 0x00007ffd3eafa000 	C:\WINDOWS\System32\FLTLIB.DLL
0x0000000052ff0000 - 0x0000000052ffd000 	C:\Program Files\Java\jdk1.8.0_144\jre\bin\management.dll
0x0000000053200000 - 0x000000005321a000 	C:\Program Files\Java\jdk1.8.0_144\jre\bin\net.dll
0x00007ffd3e310000 - 0x00007ffd3e376000 	C:\WINDOWS\system32\mswsock.dll
0x00007ffd2fe50000 - 0x00007ffd2fe66000 	C:\WINDOWS\system32\napinsp.dll
0x00007ffd2fa10000 - 0x00007ffd2fa2a000 	C:\WINDOWS\system32\pnrpnsp.dll
0x00007ffd3c310000 - 0x00007ffd3c329000 	C:\WINDOWS\system32\NLAapi.dll
0x00007ffd3e0b0000 - 0x00007ffd3e16e000 	C:\WINDOWS\SYSTEM32\DNSAPI.dll
0x00007ffd405c0000 - 0x00007ffd405c8000 	C:\WINDOWS\System32\NSI.dll
0x00007ffd3e060000 - 0x00007ffd3e098000 	C:\WINDOWS\SYSTEM32\IPHLPAPI.DLL
0x00007ffd2f040000 - 0x00007ffd2f04e000 	C:\WINDOWS\System32\winrnr.dll
0x00007ffd2efa0000 - 0x00007ffd2efb5000 	C:\WINDOWS\System32\wshbth.dll
0x00007ffd33170000 - 0x00007ffd3317a000 	C:\Windows\System32\rasadhlp.dll
0x00007ffd347c0000 - 0x00007ffd34832000 	C:\WINDOWS\System32\fwpuclnt.dll
0x00007ffd3e5f0000 - 0x00007ffd3e615000 	C:\WINDOWS\SYSTEM32\bcrypt.dll
0x00000000531e0000 - 0x00000000531f1000 	C:\Program Files\Java\jdk1.8.0_144\jre\bin\nio.dll
0x00007ffd3e4d0000 - 0x00007ffd3e4e7000 	C:\WINDOWS\SYSTEM32\CRYPTSP.dll
0x00007ffd3dec0000 - 0x00007ffd3def3000 	C:\WINDOWS\system32\rsaenh.dll
0x00007ffd3ea20000 - 0x00007ffd3ea48000 	C:\WINDOWS\SYSTEM32\USERENV.dll
0x00007ffd3e4c0000 - 0x00007ffd3e4cb000 	C:\WINDOWS\SYSTEM32\CRYPTBASE.dll
0x00007ffd34740000 - 0x00007ffd34756000 	C:\WINDOWS\SYSTEM32\dhcpcsvc6.DLL
0x00007ffd343b0000 - 0x00007ffd343ca000 	C:\WINDOWS\SYSTEM32\dhcpcsvc.DLL

VM Arguments:
jvm_args: -Dfile.encoding=UTF-8 
java_command: com.to52.MaBanqueApplication
java_class_path (initial): C:\Users\HP Pavilion\workspace\TO52_UTBM\MaBanque\target\classes;C:\Users\HP Pavilion\Pictures\mysql-connector-java-8.0.19.jar;C:\Users\HP Pavilion\Pictures\protobuf-java-3.6.1.jar;C:\Users\HP Pavilion\.m2\repository\org\springframework\boot\spring-boot-starter-data-jpa\2.2.6.RELEASE\spring-boot-starter-data-jpa-2.2.6.RELEASE.jar;C:\Users\HP Pavilion\.m2\repository\org\springframework\boot\spring-boot-starter-aop\2.2.6.RELEASE\spring-boot-starter-aop-2.2.6.RELEASE.jar;C:\Users\HP Pavilion\.m2\repository\org\springframework\spring-aop\5.2.5.RELEASE\spring-aop-5.2.5.RELEASE.jar;C:\Users\HP Pavilion\.m2\repository\org\aspectj\aspectjweaver\1.9.5\aspectjweaver-1.9.5.jar;C:\Users\HP Pavilion\.m2\repository\org\springframework\boot\spring-boot-starter-jdbc\2.2.6.RELEASE\spring-boot-starter-jdbc-2.2.6.RELEASE.jar;C:\Users\HP Pavilion\.m2\repository\com\zaxxer\HikariCP\3.4.2\HikariCP-3.4.2.jar;C:\Users\HP Pavilion\.m2\repository\org\springframework\spring-jdbc\5.2.5.RELEASE\spring-jdbc-5.2.5.RELEASE.jar;C:\Users\HP Pavilion\.m2\repository\jakarta\activation\jakarta.activation-api\1.2.2\jakarta.activation-api-1.2.2.jar;C:\Users\HP Pavilion\.m2\repository\jakarta\persistence\jakarta.persistence-api\2.2.3\jakarta.persistence-api-2.2.3.jar;C:\Users\HP Pavilion\.m2\repository\jakarta\transaction\jakarta.transaction-api\1.3.3\jakarta.transaction-api-1.3.3.jar;C:\Users\HP Pavilion\.m2\repository\org\hibernate\hibernate-core\5.4.12.Final\hibernate-core-5.4.12.Final.jar;C:\Users\HP Pavilion\.m2\repository\org\jboss\logging\jboss-logging\3.4.1.Final\jboss-logging-3.4.1.Final.jar;C:\Users\HP Pavilion\.m2\repository\org\javassist\javassist\3.24.0-GA\javassist-3.24.0-GA.jar;C:\Users\HP Pavilion\.m2\repository\net\bytebuddy\byte-buddy\1.10.8\byte-buddy-1.10.8.jar;C:\Users\HP Pavilion\.m2\repository\antlr\antlr\2.7.7\antlr-2.7.7.jar;C:\Users\HP Pavilion\.m2\repository\org\jboss\jandex\2.1.1.Final\jandex-2.1.1.Final.jar;C:\Users\HP Pavilion\.m2\repository\com\f
Launcher Type: SUN_STANDARD

Environment Variables:
PATH=C:/Program Files/Java/jdk1.8.0_144/bin/../jre/bin/server;C:/Program Files/Java/jdk1.8.0_144/bin/../jre/bin;C:/Program Files/Java/jdk1.8.0_144/bin/../jre/lib/amd64;C:\Program Files (x86)\Common Files\Oracle\Java\javapath;C:\ProgramData\Oracle\Java\javapath;C:\Program Files (x86)\Intel\TXE Components\TCS\;C:\Program Files\Intel\TXE Components\TCS\;C:\Program Files (x86)\EasyPHP-DevServer-14.1VC9\binaries\php\php_runningversion;C:\WINDOWS\system32;C:\WINDOWS;C:\WINDOWS\System32\Wbem;C:\WINDOWS\System32\WindowsPowerShell\v1.0\;C:\Program Files\MiKTeX 2.9\miktex\bin\x64\;C:\WINDOWS\system32;C:\WINDOWS;C:\WINDOWS\System32\Wbem;C:\WINDOWS\System32\WindowsPowerShell\v1.0\;C:\Program Files (x86)\Common Files\lenovo\easyplussdk\bin;C:\Program Files\Microsoft SQL Server\120\Tools\Binn\;C:\Program Files\3CX PhoneSystem\Bin;c:\altera\90sp2\quartus\bin;C:\Program Files (x86)\GtkSharp\2.12\bin;C:\WINDOWS\System32\OpenSSH\;C:\Program Files\Git\cmd;C:\Program Files\nodejs\;C:\Program Files\Java\jdk1.8.0_144\bin;C:\Users\HP Pavilion\AppData\Local\Microsoft\WindowsApps;C:\Users\HP Pavilion\AppData\Roaming\npm;C:\Users\HP Pavilion\Desktop;
USERNAME=HP Pavilion
OS=Windows_NT
PROCESSOR_IDENTIFIER=Intel64 Family 6 Model 55 Stepping 3, GenuineIntel



---------------  S Y S T E M  ---------------

OS: Windows 10.0 , 64 bit Build 17134 (10.0.17134.753)

CPU:total 2 (initial active 2) (2 cores per cpu, 1 threads per core) family 6 model 55 stepping 3, cmov, cx8, fxsr, mmx, sse, sse2, sse3, ssse3, sse4.1, sse4.2, popcnt, clmul, erms, 3dnowpref, tsc, tscinvbit

Memory: 4k page, physical 4088388k(313436k free), swap 5516868k(0k free)

vm_info: Java HotSpot(TM) 64-Bit Server VM (25.144-b01) for windows-amd64 JRE (1.8.0_144-b01), built on Jul 21 2017 21:57:33 by "java_re" with MS VC++ 10.0 (VS2010)

time: Wed Apr 29 19:21:43 2020
elapsed time: 934 seconds (0d 0h 15m 34s)

