#
# There is insufficient memory for the Java Runtime Environment to continue.
# Native memory allocation (malloc) failed to allocate 331616 bytes for Chunk::new
# Possible reasons:
#   The system is out of physical RAM or swap space
#   In 32 bit mode, the process size limit was hit
# Possible solutions:
#   Reduce memory load on the system
#   Increase physical memory or swap space
#   Check if swap backing store is full
#   Use 64 bit Java on a 64 bit OS
#   Decrease Java heap size (-Xmx/-Xms)
#   Decrease number of Java threads
#   Decrease Java thread stack sizes (-Xss)
#   Set larger code cache with -XX:ReservedCodeCacheSize=
# This output file may be truncated or incomplete.
#
#  Out of Memory Error (allocation.cpp:390), pid=10368, tid=0x000000000000233c
#
# JRE version: Java(TM) SE Runtime Environment (8.0_144-b01) (build 1.8.0_144-b01)
# Java VM: Java HotSpot(TM) 64-Bit Server VM (25.144-b01 mixed mode windows-amd64 compressed oops)
# Failed to write core dump. Minidumps are not enabled by default on client versions of Windows
#

---------------  T H R E A D  ---------------

Current thread (0x0000000014ae0000):  JavaThread "C2 CompilerThread0" daemon [_thread_in_native, id=9020, stack(0x0000000015b50000,0x0000000015c50000)]

Stack: [0x0000000015b50000,0x0000000015c50000]
[error occurred during error reporting (printing stack bounds), id 0xc0000005]

Native frames: (J=compiled Java code, j=interpreted, Vv=VM code, C=native code)


Current CompileTask:
C2:  40808 3471   !   4       java.lang.ClassLoader::getPackage (118 bytes)


---------------  P R O C E S S  ---------------

Java Threads: ( => current thread )
  0x0000000017344000 JavaThread "mysql-cj-abandoned-connection-cleanup" daemon [_thread_blocked, id=6240, stack(0x000000001b9d0000,0x000000001bad0000)]
  0x0000000017343800 JavaThread "container-0" [_thread_blocked, id=1740, stack(0x000000001b8d0000,0x000000001b9d0000)]
  0x0000000017345800 JavaThread "Catalina-utility-2" [_thread_blocked, id=1484, stack(0x000000001a1e0000,0x000000001a2e0000)]
  0x0000000017346800 JavaThread "Catalina-utility-1" [_thread_blocked, id=5448, stack(0x0000000019ea0000,0x0000000019fa0000)]
  0x000000001715e800 JavaThread "restartedMain" [_thread_in_native, id=7116, stack(0x0000000017d90000,0x0000000017e90000)]
  0x0000000016821000 JavaThread "Thread-0" [_thread_blocked, id=11260, stack(0x0000000017c90000,0x0000000017d90000)]
  0x0000000014b58800 JavaThread "Service Thread" daemon [_thread_blocked, id=5228, stack(0x0000000015d50000,0x0000000015e50000)]
  0x0000000014ae6000 JavaThread "C1 CompilerThread1" daemon [_thread_blocked, id=8456, stack(0x0000000015c50000,0x0000000015d50000)]
=>0x0000000014ae0000 JavaThread "C2 CompilerThread0" daemon [_thread_in_native, id=9020, stack(0x0000000015b50000,0x0000000015c50000)]
  0x0000000014ade800 JavaThread "Attach Listener" daemon [_thread_blocked, id=6820, stack(0x0000000015a50000,0x0000000015b50000)]
  0x0000000014adb800 JavaThread "Signal Dispatcher" daemon [_thread_blocked, id=2320, stack(0x0000000015950000,0x0000000015a50000)]
  0x0000000014ac8800 JavaThread "Finalizer" daemon [_thread_blocked, id=8988, stack(0x0000000015730000,0x0000000015830000)]
  0x0000000002721000 JavaThread "Reference Handler" daemon [_thread_blocked, id=8120, stack(0x0000000015630000,0x0000000015730000)]
  0x0000000002635800 JavaThread "main" [_thread_blocked, id=7520, stack(0x0000000002530000,0x0000000002630000)]

Other Threads:
  0x0000000014aa5800 VMThread [stack: 0x0000000015530000,0x0000000015630000] [id=2504]
  0x0000000014b70800 WatcherThread [stack: 0x0000000015e50000,0x0000000015f50000] [id=8852]

VM state:not at safepoint (normal execution)

VM Mutex/Monitor currently owned by a thread: None

Heap:
 PSYoungGen      total 117760K, used 73254K [0x00000000eb300000, 0x00000000f3c80000, 0x0000000100000000)
  eden space 114688K, 63% used [0x00000000eb300000,0x00000000efa89be8,0x00000000f2300000)
  from space 3072K, 0% used [0x00000000f3980000,0x00000000f3980000,0x00000000f3c80000)
  to   space 8704K, 0% used [0x00000000f2b80000,0x00000000f2b80000,0x00000000f3400000)
 ParOldGen       total 44544K, used 13629K [0x00000000c1800000, 0x00000000c4380000, 0x00000000eb300000)
  object space 44544K, 30% used [0x00000000c1800000,0x00000000c254f770,0x00000000c4380000)
 Metaspace       used 44495K, capacity 46348K, committed 46680K, reserved 1089536K
  class space    used 6104K, capacity 6432K, committed 6528K, reserved 1048576K

Card table byte_map: [0x0000000011af0000,0x0000000011cf0000] byte_map_base: 0x00000000114e4000

Marking Bits: (ParMarkBitMap*) 0x0000000053a9d850
 Begin Bits: [0x0000000012040000, 0x0000000012fe0000)
 End Bits:   [0x0000000012fe0000, 0x0000000013f80000)

Polling page: 0x00000000008d0000

CodeCache: size=245760Kb used=10724Kb max_used=10937Kb free=235035Kb
 bounds [0x0000000002730000, 0x00000000031f0000, 0x0000000011730000]
 total_blobs=3714 nmethods=3219 adapters=408
 compilation: enabled

Compilation events (10 events):
Event: 40.255 Thread 0x0000000014ae6000 nmethod 3469 0x00000000031e5c10 code [0x00000000031e5d80, 0x00000000031e6008]
Event: 40.449 Thread 0x0000000014ae0000 3470       4       java.lang.ClassLoader::compareCerts (149 bytes)
Event: 40.450 Thread 0x0000000014ae0000 nmethod 3470 0x0000000002855110 code [0x0000000002855240, 0x00000000028552d8]
Event: 40.686 Thread 0x0000000014ae0000 3471   !   4       java.lang.ClassLoader::getPackage (118 bytes)
Event: 40.704 Thread 0x0000000014ae6000 3472       3       net.bytebuddy.description.ModifierReviewable$AbstractBase::<init> (5 bytes)
Event: 40.704 Thread 0x0000000014ae6000 nmethod 3472 0x00000000028f8690 code [0x00000000028f87e0, 0x00000000028f8990]
Event: 40.705 Thread 0x0000000014ae6000 3473       3       sun.reflect.DelegatingMethodAccessorImpl::setDelegate (6 bytes)
Event: 40.706 Thread 0x0000000014ae6000 nmethod 3473 0x0000000002901d50 code [0x0000000002901ea0, 0x0000000002902010]
Event: 40.712 Thread 0x0000000014ae6000 3474       1       java.lang.reflect.Method::getParameterCount (6 bytes)
Event: 40.712 Thread 0x0000000014ae6000 nmethod 3474 0x00000000029d8a50 code [0x00000000029d8ba0, 0x00000000029d8cb0]

GC Heap History (10 events):
Event: 10.344 GC heap before
{Heap before GC invocations=8 (full 1):
 PSYoungGen      total 70656K, used 6114K [0x00000000eb300000, 0x00000000f4200000, 0x0000000100000000)
  eden space 64512K, 0% used [0x00000000eb300000,0x00000000eb300000,0x00000000ef200000)
  from space 6144K, 99% used [0x00000000ef200000,0x00000000ef7f8878,0x00000000ef800000)
  to   space 8704K, 0% used [0x00000000f3980000,0x00000000f3980000,0x00000000f4200000)
 ParOldGen       total 44032K, used 6486K [0x00000000c1800000, 0x00000000c4300000, 0x00000000eb300000)
  object space 44032K, 14% used [0x00000000c1800000,0x00000000c1e55b18,0x00000000c4300000)
 Metaspace       used 20588K, capacity 21210K, committed 21248K, reserved 1067008K
  class space    used 2652K, capacity 2806K, committed 2816K, reserved 1048576K
Event: 10.464 GC heap after
Heap after GC invocations=8 (full 1):
 PSYoungGen      total 70656K, used 0K [0x00000000eb300000, 0x00000000f4200000, 0x0000000100000000)
  eden space 64512K, 0% used [0x00000000eb300000,0x00000000eb300000,0x00000000ef200000)
  from space 6144K, 0% used [0x00000000ef200000,0x00000000ef200000,0x00000000ef800000)
  to   space 8704K, 0% used [0x00000000f3980000,0x00000000f3980000,0x00000000f4200000)
 ParOldGen       total 31744K, used 9199K [0x00000000c1800000, 0x00000000c3700000, 0x00000000eb300000)
  object space 31744K, 28% used [0x00000000c1800000,0x00000000c20fbe10,0x00000000c3700000)
 Metaspace       used 20587K, capacity 21204K, committed 21248K, reserved 1067008K
  class space    used 2652K, capacity 2805K, committed 2816K, reserved 1048576K
}
Event: 13.741 GC heap before
{Heap before GC invocations=9 (full 1):
 PSYoungGen      total 70656K, used 64512K [0x00000000eb300000, 0x00000000f4200000, 0x0000000100000000)
  eden space 64512K, 100% used [0x00000000eb300000,0x00000000ef200000,0x00000000ef200000)
  from space 6144K, 0% used [0x00000000ef200000,0x00000000ef200000,0x00000000ef800000)
  to   space 8704K, 0% used [0x00000000f3980000,0x00000000f3980000,0x00000000f4200000)
 ParOldGen       total 31744K, used 9199K [0x00000000c1800000, 0x00000000c3700000, 0x00000000eb300000)
  object space 31744K, 28% used [0x00000000c1800000,0x00000000c20fbe10,0x00000000c3700000)
 Metaspace       used 21983K, capacity 22802K, committed 23040K, reserved 1069056K
  class space    used 2825K, capacity 3038K, committed 3072K, reserved 1048576K
Event: 13.760 GC heap after
Heap after GC invocations=9 (full 1):
 PSYoungGen      total 117760K, used 2624K [0x00000000eb300000, 0x00000000f3c80000, 0x0000000100000000)
  eden space 114688K, 0% used [0x00000000eb300000,0x00000000eb300000,0x00000000f2300000)
  from space 3072K, 85% used [0x00000000f3980000,0x00000000f3c100c8,0x00000000f3c80000)
  to   space 8704K, 0% used [0x00000000f2b80000,0x00000000f2b80000,0x00000000f3400000)
 ParOldGen       total 31744K, used 9199K [0x00000000c1800000, 0x00000000c3700000, 0x00000000eb300000)
  object space 31744K, 28% used [0x00000000c1800000,0x00000000c20fbe10,0x00000000c3700000)
 Metaspace       used 21983K, capacity 22802K, committed 23040K, reserved 1069056K
  class space    used 2825K, capacity 3038K, committed 3072K, reserved 1048576K
}
Event: 27.547 GC heap before
{Heap before GC invocations=10 (full 1):
 PSYoungGen      total 117760K, used 117312K [0x00000000eb300000, 0x00000000f3c80000, 0x0000000100000000)
  eden space 114688K, 100% used [0x00000000eb300000,0x00000000f2300000,0x00000000f2300000)
  from space 3072K, 85% used [0x00000000f3980000,0x00000000f3c100c8,0x00000000f3c80000)
  to   space 8704K, 0% used [0x00000000f2b80000,0x00000000f2b80000,0x00000000f3400000)
 ParOldGen       total 31744K, used 9199K [0x00000000c1800000, 0x00000000c3700000, 0x00000000eb300000)
  object space 31744K, 28% used [0x00000000c1800000,0x00000000c20fbe10,0x00000000c3700000)
 Metaspace       used 29793K, capacity 31390K, committed 31616K, reserved 1077248K
  class space    used 3881K, capacity 4158K, committed 4224K, reserved 1048576K
Event: 27.586 GC heap after
Heap after GC invocations=10 (full 1):
 PSYoungGen      total 123392K, used 8675K [0x00000000eb300000, 0x00000000f3c80000, 0x0000000100000000)
  eden space 114688K, 0% used [0x00000000eb300000,0x00000000eb300000,0x00000000f2300000)
  from space 8704K, 99% used [0x00000000f2b80000,0x00000000f33f8d08,0x00000000f3400000)
  to   space 3072K, 0% used [0x00000000f3980000,0x00000000f3980000,0x00000000f3c80000)
 ParOldGen       total 31744K, used 12212K [0x00000000c1800000, 0x00000000c3700000, 0x00000000eb300000)
  object space 31744K, 38% used [0x00000000c1800000,0x00000000c23ed2b8,0x00000000c3700000)
 Metaspace       used 29793K, capacity 31390K, committed 31616K, reserved 1077248K
  class space    used 3881K, capacity 4158K, committed 4224K, reserved 1048576K
}
Event: 32.483 GC heap before
{Heap before GC invocations=11 (full 1):
 PSYoungGen      total 123392K, used 116352K [0x00000000eb300000, 0x00000000f3c80000, 0x0000000100000000)
  eden space 114688K, 93% used [0x00000000eb300000,0x00000000f1c27398,0x00000000f2300000)
  from space 8704K, 99% used [0x00000000f2b80000,0x00000000f33f8d08,0x00000000f3400000)
  to   space 3072K, 0% used [0x00000000f3980000,0x00000000f3980000,0x00000000f3c80000)
 ParOldGen       total 31744K, used 12212K [0x00000000c1800000, 0x00000000c3700000, 0x00000000eb300000)
  object space 31744K, 38% used [0x00000000c1800000,0x00000000c23ed2b8,0x00000000c3700000)
 Metaspace       used 33679K, capacity 35412K, committed 35416K, reserved 1079296K
  class space    used 4419K, capacity 4735K, committed 4736K, reserved 1048576K
Event: 32.514 GC heap after
Heap after GC invocations=11 (full 1):
 PSYoungGen      total 117760K, used 3060K [0x00000000eb300000, 0x00000000f3c80000, 0x0000000100000000)
  eden space 114688K, 0% used [0x00000000eb300000,0x00000000eb300000,0x00000000f2300000)
  from space 3072K, 99% used [0x00000000f3980000,0x00000000f3c7d020,0x00000000f3c80000)
  to   space 8704K, 0% used [0x00000000f2b80000,0x00000000f2b80000,0x00000000f3400000)
 ParOldGen       total 31744K, used 18853K [0x00000000c1800000, 0x00000000c3700000, 0x00000000eb300000)
  object space 31744K, 59% used [0x00000000c1800000,0x00000000c2a69768,0x00000000c3700000)
 Metaspace       used 33679K, capacity 35412K, committed 35416K, reserved 1079296K
  class space    used 4419K, capacity 4735K, committed 4736K, reserved 1048576K
}
Event: 32.514 GC heap before
{Heap before GC invocations=12 (full 2):
 PSYoungGen      total 117760K, used 3060K [0x00000000eb300000, 0x00000000f3c80000, 0x0000000100000000)
  eden space 114688K, 0% used [0x00000000eb300000,0x00000000eb300000,0x00000000f2300000)
  from space 3072K, 99% used [0x00000000f3980000,0x00000000f3c7d020,0x00000000f3c80000)
  to   space 8704K, 0% used [0x00000000f2b80000,0x00000000f2b80000,0x00000000f3400000)
 ParOldGen       total 31744K, used 18853K [0x00000000c1800000, 0x00000000c3700000, 0x00000000eb300000)
  object space 31744K, 59% used [0x00000000c1800000,0x00000000c2a69768,0x00000000c3700000)
 Metaspace       used 33679K, capacity 35412K, committed 35416K, reserved 1079296K
  class space    used 4419K, capacity 4735K, committed 4736K, reserved 1048576K
Event: 32.707 GC heap after
Heap after GC invocations=12 (full 2):
 PSYoungGen      total 117760K, used 0K [0x00000000eb300000, 0x00000000f3c80000, 0x0000000100000000)
  eden space 114688K, 0% used [0x00000000eb300000,0x00000000eb300000,0x00000000f2300000)
  from space 3072K, 0% used [0x00000000f3980000,0x00000000f3980000,0x00000000f3c80000)
  to   space 8704K, 0% used [0x00000000f2b80000,0x00000000f2b80000,0x00000000f3400000)
 ParOldGen       total 44544K, used 13629K [0x00000000c1800000, 0x00000000c4380000, 0x00000000eb300000)
  object space 44544K, 30% used [0x00000000c1800000,0x00000000c254f770,0x00000000c4380000)
 Metaspace       used 33679K, capacity 35412K, committed 35416K, reserved 1079296K
  class space    used 4419K, capacity 4735K, committed 4736K, reserved 1048576K
}

Deoptimization events (10 events):
Event: 35.031 Thread 0x000000001715e800 Uncommon trap: reason=unstable_if action=reinterpret pc=0x0000000003074770 method=java.util.Properties$LineReader.readLine()I @ 328
Event: 35.606 Thread 0x000000001715e800 Uncommon trap: reason=unstable_if action=reinterpret pc=0x00000000031367ac method=java.util.Properties$LineReader.readLine()I @ 174
Event: 35.609 Thread 0x000000001715e800 Uncommon trap: reason=unstable_if action=reinterpret pc=0x0000000002ac8524 method=java.net.URI.match(CJJ)Z @ 45
Event: 35.882 Thread 0x000000001715e800 Uncommon trap: reason=unstable_if action=reinterpret pc=0x0000000002bf8bb4 method=sun.misc.ASCIICaseInsensitiveComparator.compare(Ljava/lang/String;Ljava/lang/String;)I @ 83
Event: 37.330 Thread 0x000000001715e800 Uncommon trap: reason=bimorphic action=maybe_recompile pc=0x0000000002e14730 method=java.lang.ClassLoader.loadClass(Ljava/lang/String;Z)Ljava/lang/Class; @ 70
Event: 38.006 Thread 0x000000001715e800 Uncommon trap: reason=unstable_if action=reinterpret pc=0x0000000002ceff34 method=java.net.URLClassLoader.definePackageInternal(Ljava/lang/String;Ljava/util/jar/Manifest;Ljava/net/URL;)V @ 11
Event: 38.550 Thread 0x000000001715e800 Uncommon trap: reason=null_check action=make_not_entrant pc=0x00000000028a50c4 method=java.lang.Class.createAnnotationData(I)Ljava/lang/Class$AnnotationData; @ 14
Event: 39.431 Thread 0x000000001715e800 Uncommon trap: reason=unstable_if action=reinterpret pc=0x0000000002bd7e20 method=java.lang.Class$MethodArray.addIfNotPresent(Ljava/lang/reflect/Method;)V @ 19
Event: 39.432 Thread 0x000000001715e800 Uncommon trap: reason=unstable_if action=reinterpret pc=0x00000000030d2244 method=java.lang.Class$MethodArray.addIfNotPresent(Ljava/lang/reflect/Method;)V @ 19
Event: 39.522 Thread 0x000000001715e800 Uncommon trap: reason=predicate action=maybe_recompile pc=0x000000000287bfd0 method=java.lang.String.regionMatches(ZILjava/lang/String;II)Z @ 63

Internal exceptions (10 events):
Event: 30.416 Thread 0x000000001715e800 Exception <a 'java/lang/NullPointerException'> (0x00000000f09ae238) thrown at [C:\re\workspace\8-2-build-windows-amd64-cygwin\jdk8u144\9417\hotspot\src\share\vm\runtime\sharedRuntime.cpp, line 605]
Event: 30.416 Thread 0x000000001715e800 Implicit null exception at 0x0000000002c9543d to 0x0000000002c95690
Event: 30.416 Thread 0x000000001715e800 Exception <a 'java/lang/NullPointerException'> (0x00000000f09aeed0) thrown at [C:\re\workspace\8-2-build-windows-amd64-cygwin\jdk8u144\9417\hotspot\src\share\vm\runtime\sharedRuntime.cpp, line 605]
Event: 30.416 Thread 0x000000001715e800 Implicit null exception at 0x0000000002c9543d to 0x0000000002c95690
Event: 30.416 Thread 0x000000001715e800 Exception <a 'java/lang/NullPointerException'> (0x00000000f09afb18) thrown at [C:\re\workspace\8-2-build-windows-amd64-cygwin\jdk8u144\9417\hotspot\src\share\vm\runtime\sharedRuntime.cpp, line 605]
Event: 30.417 Thread 0x000000001715e800 Implicit null exception at 0x0000000002c9543d to 0x0000000002c95690
Event: 30.417 Thread 0x000000001715e800 Exception <a 'java/lang/NullPointerException'> (0x00000000f09b07c0) thrown at [C:\re\workspace\8-2-build-windows-amd64-cygwin\jdk8u144\9417\hotspot\src\share\vm\runtime\sharedRuntime.cpp, line 605]
Event: 30.417 Thread 0x000000001715e800 Implicit null exception at 0x0000000002c9543d to 0x0000000002c95690
Event: 30.417 Thread 0x000000001715e800 Exception <a 'java/lang/NullPointerException'> (0x00000000f09b13c8) thrown at [C:\re\workspace\8-2-build-windows-amd64-cygwin\jdk8u144\9417\hotspot\src\share\vm\runtime\sharedRuntime.cpp, line 605]
Event: 39.630 Thread 0x000000001715e800 Exception <a 'java/lang/NoSuchMethodError': java.lang.Object.lambda$andThen$1(Ljava/util/function/Function;Ljava/lang/Object;)Ljava/lang/Object;> (0x00000000eed7d310) thrown at [C:\re\workspace\8-2-build-windows-amd64-cygwin\jdk8u144\9417\hotspot\src\shar

Events (10 events):
Event: 40.732 loading class net/bytebuddy/description/type/TypeDescription$Generic$AnnotationReader$Dispatcher$ForJava8CapableVm$AnnotatedSuperClass
Event: 40.732 loading class net/bytebuddy/description/type/TypeDescription$Generic$AnnotationReader$Dispatcher$ForJava8CapableVm$AnnotatedSuperClass done
Event: 40.734 loading class net/bytebuddy/dynamic/scaffold/MethodGraph$Compiler$Default$Key$Store
Event: 40.734 loading class net/bytebuddy/dynamic/scaffold/MethodGraph$Compiler$Default$Key$Store done
Event: 40.736 loading class net/bytebuddy/dynamic/scaffold/MethodGraph$Compiler$Default$Key$Store$Entry$Initial
Event: 40.736 loading class net/bytebuddy/dynamic/scaffold/MethodGraph$Compiler$Default$Key$Store$Entry$Initial done
Event: 40.737 loading class net/bytebuddy/dynamic/scaffold/MethodGraph$Compiler$Default$Key$Store$Entry
Event: 40.737 loading class net/bytebuddy/dynamic/scaffold/MethodGraph$Compiler$Default$Key$Store$Entry done
Event: 40.738 loading class net/bytebuddy/dynamic/scaffold/MethodGraph$Compiler$Default$Key$Store$Entry$Resolved
Event: 40.739 loading class net/bytebuddy/dynamic/scaffold/MethodGraph$Compiler$Default$Key$Store$Entry$Resolved done


Dynamic libraries:
0x00007ff6a84a0000 - 0x00007ff6a84d7000 	C:\Program Files\Java\jdk1.8.0_144\bin\javaw.exe
0x00007ffd427f0000 - 0x00007ffd429d1000 	C:\WINDOWS\SYSTEM32\ntdll.dll
0x00007ffd3fc70000 - 0x00007ffd3fd21000 	C:\WINDOWS\System32\KERNEL32.DLL
0x00007ffd3ebb0000 - 0x00007ffd3ee23000 	C:\WINDOWS\System32\KERNELBASE.dll
0x00007ffd3fdb0000 - 0x00007ffd3fe51000 	C:\WINDOWS\System32\ADVAPI32.dll
0x00007ffd42210000 - 0x00007ffd422ae000 	C:\WINDOWS\System32\msvcrt.dll
0x00007ffd40560000 - 0x00007ffd405bb000 	C:\WINDOWS\System32\sechost.dll
0x00007ffd42690000 - 0x00007ffd427b4000 	C:\WINDOWS\System32\RPCRT4.dll
0x00007ffd41db0000 - 0x00007ffd41f40000 	C:\WINDOWS\System32\USER32.dll
0x00007ffd3ee30000 - 0x00007ffd3ee50000 	C:\WINDOWS\System32\win32u.dll
0x00007ffd422e0000 - 0x00007ffd42308000 	C:\WINDOWS\System32\GDI32.dll
0x00007ffd3ef00000 - 0x00007ffd3f091000 	C:\WINDOWS\System32\gdi32full.dll
0x00007ffd3f930000 - 0x00007ffd3f9cf000 	C:\WINDOWS\System32\msvcp_win.dll
0x00007ffd3f120000 - 0x00007ffd3f218000 	C:\WINDOWS\System32\ucrtbase.dll
0x00007ffd35990000 - 0x00007ffd35bf9000 	C:\WINDOWS\WinSxS\amd64_microsoft.windows.common-controls_6595b64144ccf1df_6.0.17134.1246_none_d3ffb9d77c90723d\COMCTL32.dll
0x00007ffd41a20000 - 0x00007ffd41d41000 	C:\WINDOWS\System32\combase.dll
0x00007ffd3f0a0000 - 0x00007ffd3f119000 	C:\WINDOWS\System32\bcryptPrimitives.dll
0x00007ffd422b0000 - 0x00007ffd422dd000 	C:\WINDOWS\System32\IMM32.DLL
0x00000000530c0000 - 0x0000000053192000 	C:\Program Files\Java\jdk1.8.0_144\jre\bin\msvcr100.dll
0x0000000053280000 - 0x0000000053b1d000 	C:\Program Files\Java\jdk1.8.0_144\jre\bin\server\jvm.dll
0x00007ffd402b0000 - 0x00007ffd402b8000 	C:\WINDOWS\System32\PSAPI.DLL
0x00007ffd31530000 - 0x00007ffd31539000 	C:\WINDOWS\SYSTEM32\WSOCK32.dll
0x00007ffd3cd60000 - 0x00007ffd3cd83000 	C:\WINDOWS\SYSTEM32\WINMM.dll
0x00007ffd381e0000 - 0x00007ffd381ea000 	C:\WINDOWS\SYSTEM32\VERSION.dll
0x00007ffd3cd00000 - 0x00007ffd3cd2a000 	C:\WINDOWS\SYSTEM32\WINMMBASE.dll
0x00007ffd3ee50000 - 0x00007ffd3ee99000 	C:\WINDOWS\System32\cfgmgr32.dll
0x00007ffd420a0000 - 0x00007ffd4210c000 	C:\WINDOWS\System32\WS2_32.dll
0x0000000053270000 - 0x000000005327f000 	C:\Program Files\Java\jdk1.8.0_144\jre\bin\verify.dll
0x0000000053240000 - 0x0000000053269000 	C:\Program Files\Java\jdk1.8.0_144\jre\bin\java.dll
0x0000000053220000 - 0x0000000053236000 	C:\Program Files\Java\jdk1.8.0_144\jre\bin\zip.dll
0x00007ffd405d0000 - 0x00007ffd41a15000 	C:\WINDOWS\System32\SHELL32.dll
0x00007ffd42310000 - 0x00007ffd423b9000 	C:\WINDOWS\System32\shcore.dll
0x00007ffd3f220000 - 0x00007ffd3f930000 	C:\WINDOWS\System32\windows.storage.dll
0x00007ffd40380000 - 0x00007ffd403d1000 	C:\WINDOWS\System32\shlwapi.dll
0x00007ffd3eb20000 - 0x00007ffd3eb31000 	C:\WINDOWS\System32\kernel.appcore.dll
0x00007ffd3eb40000 - 0x00007ffd3eb5f000 	C:\WINDOWS\System32\profapi.dll
0x00007ffd3eb60000 - 0x00007ffd3ebac000 	C:\WINDOWS\System32\powrprof.dll
0x00007ffd3eaf0000 - 0x00007ffd3eafa000 	C:\WINDOWS\System32\FLTLIB.DLL
0x0000000053020000 - 0x000000005302d000 	C:\Program Files\Java\jdk1.8.0_144\jre\bin\management.dll
0x0000000053200000 - 0x000000005321a000 	C:\Program Files\Java\jdk1.8.0_144\jre\bin\net.dll
0x00007ffd3e310000 - 0x00007ffd3e376000 	C:\WINDOWS\system32\mswsock.dll
0x00007ffd2fe50000 - 0x00007ffd2fe66000 	C:\WINDOWS\system32\napinsp.dll
0x00007ffd2fa10000 - 0x00007ffd2fa2a000 	C:\WINDOWS\system32\pnrpnsp.dll
0x00007ffd3c310000 - 0x00007ffd3c329000 	C:\WINDOWS\system32\NLAapi.dll
0x00007ffd3e0b0000 - 0x00007ffd3e16e000 	C:\WINDOWS\SYSTEM32\DNSAPI.dll
0x00007ffd405c0000 - 0x00007ffd405c8000 	C:\WINDOWS\System32\NSI.dll
0x00007ffd3e060000 - 0x00007ffd3e098000 	C:\WINDOWS\SYSTEM32\IPHLPAPI.DLL
0x00007ffd2f040000 - 0x00007ffd2f04e000 	C:\WINDOWS\System32\winrnr.dll
0x00007ffd2efa0000 - 0x00007ffd2efb5000 	C:\WINDOWS\System32\wshbth.dll
0x00007ffd33170000 - 0x00007ffd3317a000 	C:\Windows\System32\rasadhlp.dll
0x00007ffd347c0000 - 0x00007ffd34832000 	C:\WINDOWS\System32\fwpuclnt.dll
0x00007ffd3e5f0000 - 0x00007ffd3e615000 	C:\WINDOWS\SYSTEM32\bcrypt.dll
0x00000000531e0000 - 0x00000000531f1000 	C:\Program Files\Java\jdk1.8.0_144\jre\bin\nio.dll
0x00007ffd3e4d0000 - 0x00007ffd3e4e7000 	C:\WINDOWS\SYSTEM32\CRYPTSP.dll
0x00007ffd3dec0000 - 0x00007ffd3def3000 	C:\WINDOWS\system32\rsaenh.dll
0x00007ffd3ea20000 - 0x00007ffd3ea48000 	C:\WINDOWS\SYSTEM32\USERENV.dll
0x00007ffd3e4c0000 - 0x00007ffd3e4cb000 	C:\WINDOWS\SYSTEM32\CRYPTBASE.dll
0x00007ffd34740000 - 0x00007ffd34756000 	C:\WINDOWS\SYSTEM32\dhcpcsvc6.DLL
0x00007ffd343b0000 - 0x00007ffd343ca000 	C:\WINDOWS\SYSTEM32\dhcpcsvc.DLL

VM Arguments:
jvm_args: -Dfile.encoding=UTF-8 
java_command: com.to52.MaBanqueApplication
java_class_path (initial): C:\Users\HP Pavilion\workspace\TO52_UTBM\MaBanque\target\classes;C:\Users\HP Pavilion\Pictures\mysql-connector-java-8.0.19.jar;C:\Users\HP Pavilion\Pictures\protobuf-java-3.6.1.jar;C:\Users\HP Pavilion\.m2\repository\org\springframework\boot\spring-boot-starter-data-jpa\2.2.6.RELEASE\spring-boot-starter-data-jpa-2.2.6.RELEASE.jar;C:\Users\HP Pavilion\.m2\repository\org\springframework\boot\spring-boot-starter-aop\2.2.6.RELEASE\spring-boot-starter-aop-2.2.6.RELEASE.jar;C:\Users\HP Pavilion\.m2\repository\org\springframework\spring-aop\5.2.5.RELEASE\spring-aop-5.2.5.RELEASE.jar;C:\Users\HP Pavilion\.m2\repository\org\aspectj\aspectjweaver\1.9.5\aspectjweaver-1.9.5.jar;C:\Users\HP Pavilion\.m2\repository\org\springframework\boot\spring-boot-starter-jdbc\2.2.6.RELEASE\spring-boot-starter-jdbc-2.2.6.RELEASE.jar;C:\Users\HP Pavilion\.m2\repository\com\zaxxer\HikariCP\3.4.2\HikariCP-3.4.2.jar;C:\Users\HP Pavilion\.m2\repository\org\springframework\spring-jdbc\5.2.5.RELEASE\spring-jdbc-5.2.5.RELEASE.jar;C:\Users\HP Pavilion\.m2\repository\jakarta\activation\jakarta.activation-api\1.2.2\jakarta.activation-api-1.2.2.jar;C:\Users\HP Pavilion\.m2\repository\jakarta\persistence\jakarta.persistence-api\2.2.3\jakarta.persistence-api-2.2.3.jar;C:\Users\HP Pavilion\.m2\repository\jakarta\transaction\jakarta.transaction-api\1.3.3\jakarta.transaction-api-1.3.3.jar;C:\Users\HP Pavilion\.m2\repository\org\hibernate\hibernate-core\5.4.12.Final\hibernate-core-5.4.12.Final.jar;C:\Users\HP Pavilion\.m2\repository\org\jboss\logging\jboss-logging\3.4.1.Final\jboss-logging-3.4.1.Final.jar;C:\Users\HP Pavilion\.m2\repository\org\javassist\javassist\3.24.0-GA\javassist-3.24.0-GA.jar;C:\Users\HP Pavilion\.m2\repository\net\bytebuddy\byte-buddy\1.10.8\byte-buddy-1.10.8.jar;C:\Users\HP Pavilion\.m2\repository\antlr\antlr\2.7.7\antlr-2.7.7.jar;C:\Users\HP Pavilion\.m2\repository\org\jboss\jandex\2.1.1.Final\jandex-2.1.1.Final.jar;C:\Users\HP Pavilion\.m2\repository\com\f
Launcher Type: SUN_STANDARD

Environment Variables:
PATH=C:/Program Files/Java/jdk1.8.0_144/bin/../jre/bin/server;C:/Program Files/Java/jdk1.8.0_144/bin/../jre/bin;C:/Program Files/Java/jdk1.8.0_144/bin/../jre/lib/amd64;C:\Program Files (x86)\Common Files\Oracle\Java\javapath;C:\ProgramData\Oracle\Java\javapath;C:\Program Files (x86)\Intel\TXE Components\TCS\;C:\Program Files\Intel\TXE Components\TCS\;C:\Program Files (x86)\EasyPHP-DevServer-14.1VC9\binaries\php\php_runningversion;C:\WINDOWS\system32;C:\WINDOWS;C:\WINDOWS\System32\Wbem;C:\WINDOWS\System32\WindowsPowerShell\v1.0\;C:\Program Files\MiKTeX 2.9\miktex\bin\x64\;C:\WINDOWS\system32;C:\WINDOWS;C:\WINDOWS\System32\Wbem;C:\WINDOWS\System32\WindowsPowerShell\v1.0\;C:\Program Files (x86)\Common Files\lenovo\easyplussdk\bin;C:\Program Files\Microsoft SQL Server\120\Tools\Binn\;C:\Program Files\3CX PhoneSystem\Bin;c:\altera\90sp2\quartus\bin;C:\Program Files (x86)\GtkSharp\2.12\bin;C:\WINDOWS\System32\OpenSSH\;C:\Program Files\Git\cmd;C:\Program Files\nodejs\;C:\Program Files\Java\jdk1.8.0_144\bin;C:\Users\HP Pavilion\AppData\Local\Microsoft\WindowsApps;C:\Users\HP Pavilion\AppData\Roaming\npm;C:\Users\HP Pavilion\Desktop;
USERNAME=HP Pavilion
OS=Windows_NT
PROCESSOR_IDENTIFIER=Intel64 Family 6 Model 55 Stepping 3, GenuineIntel



---------------  S Y S T E M  ---------------

OS: Windows 10.0 , 64 bit Build 17134 (10.0.17134.753)

CPU:total 2 (initial active 2) (2 cores per cpu, 1 threads per core) family 6 model 55 stepping 3, cmov, cx8, fxsr, mmx, sse, sse2, sse3, ssse3, sse4.1, sse4.2, popcnt, clmul, erms, 3dnowpref, tsc, tscinvbit

Memory: 4k page, physical 4088388k(128972k free), swap 5516868k(5424k free)

vm_info: Java HotSpot(TM) 64-Bit Server VM (25.144-b01) for windows-amd64 JRE (1.8.0_144-b01), built on Jul 21 2017 21:57:33 by "java_re" with MS VC++ 10.0 (VS2010)

time: Wed Apr 29 02:57:34 2020
elapsed time: 40 seconds (0d 0h 0m 40s)

