JvmtiExport can_access_local_variables 0
JvmtiExport can_hotswap_or_post_breakpoint 0
JvmtiExport can_post_on_exceptions 0
# 206 ciObject found
ciMethod java/lang/Object <init> ()V 4097 1 907827 0 0
ciMethod java/lang/Object hashCode ()I 3073 1 384 0 -1
ciMethod java/lang/Object equals (Ljava/lang/Object;)Z 2249 1 14110 0 64
ciMethod java/lang/Integer <init> (I)V 3073 1 10635 0 -1
ciMethod java/util/Set contains (Ljava/lang/Object;)Z 0 0 1 0 -1
ciMethod java/util/Set add (Ljava/lang/Object;)Z 0 0 1 0 -1
ciMethod java/util/HashMap hash (Ljava/lang/Object;)I 4097 1 81667 0 160
ciMethod java/util/HashMap comparableClassFor (Ljava/lang/Object;)Ljava/lang/Class; 89 1 11 0 -1
ciMethod java/util/HashMap compareComparables (Ljava/lang/Class;Ljava/lang/Object;Ljava/lang/Object;)I 257 1 32 0 -1
ciMethod java/util/HashMap get (Ljava/lang/Object;)Ljava/lang/Object; 2553 1 35737 0 -1
ciMethod java/util/HashMap containsKey (Ljava/lang/Object;)Z 3881 1 13645 0 -1
ciMethod java/util/HashMap put (Ljava/lang/Object;Ljava/lang/Object;)Ljava/lang/Object; 2049 1 7416 0 192
ciMethod java/util/HashMap putVal (ILjava/lang/Object;Ljava/lang/Object;ZZ)Ljava/lang/Object; 65537 2801 19465 0 1376
ciMethod java/util/HashMap resize ()[Ljava/util/HashMap$Node; 257 4385 2846 0 -1
ciMethod java/util/HashMap treeifyBin ([Ljava/util/HashMap$Node;I)V 1 1 3 0 0
ciMethod java/util/HashMap removeNode (ILjava/lang/Object;Ljava/lang/Object;ZZ)Ljava/util/HashMap$Node; 97 1 2042 0 -1
ciMethod java/util/HashMap newNode (ILjava/lang/Object;Ljava/lang/Object;Ljava/util/HashMap$Node;)Ljava/util/HashMap$Node; 3073 1 8592 0 224
ciMethod java/util/HashMap newTreeNode (ILjava/lang/Object;Ljava/lang/Object;Ljava/util/HashMap$Node;)Ljava/util/HashMap$TreeNode; 9 1 1 0 -1
ciMethod java/util/HashMap replacementTreeNode (Ljava/util/HashMap$Node;Ljava/util/HashMap$Node;)Ljava/util/HashMap$TreeNode; 89 1 11 0 -1
ciMethod java/util/HashMap afterNodeAccess (Ljava/util/HashMap$Node;)V 2057 1 1281 0 0
ciMethod java/util/HashMap afterNodeInsertion (Z)V 3073 1 1417 0 0
ciMethod java/util/HashMap$Node <init> (ILjava/lang/Object;Ljava/lang/Object;Ljava/util/HashMap$Node;)V 2097 1 23010 0 0
ciMethod java/util/LinkedHashMap linkNodeLast (Ljava/util/LinkedHashMap$Entry;)V 2041 1 14407 0 0
ciMethod java/util/LinkedHashMap newNode (ILjava/lang/Object;Ljava/lang/Object;Ljava/util/HashMap$Node;)Ljava/util/HashMap$Node; 2049 1 14402 0 288
ciMethod java/util/LinkedHashMap afterNodeInsertion (Z)V 2049 1 12465 0 128
ciMethod java/util/LinkedHashMap afterNodeAccess (Ljava/util/HashMap$Node;)V 1 1 1186 0 0
ciMethod java/util/LinkedHashMap removeEldestEntry (Ljava/util/Map$Entry;)Z 1025 1 128 0 0
ciMethod java/util/LinkedHashMap$Entry <init> (ILjava/lang/Object;Ljava/lang/Object;Ljava/util/HashMap$Node;)V 2041 1 14417 0 0
ciMethodData java/lang/Object <init> ()V 2 907827 orig 264 88 66 134 83 0 0 0 0 128 4 254 19 0 0 0 0 32 1 0 0 0 0 0 0 0 0 0 0 0 0 0 0 0 0 0 0 0 0 0 0 0 0 0 0 0 0 0 0 0 0 0 0 0 0 0 0 0 0 0 0 0 0 0 0 0 0 0 0 0 0 0 0 0 0 0 0 0 0 0 0 77 68 79 32 101 120 116 114 97 32 100 97 116 97 32 108 111 99 107 0 0 0 0 0 0 0 0 0 0 0 0 0 0 0 0 0 0 0 0 0 0 0 0 0 0 0 0 0 0 0 0 0 0 0 0 0 0 0 0 0 0 0 0 0 0 0 0 0 0 0 0 0 0 0 0 0 0 0 0 0 0 0 0 0 0 0 0 0 0 0 0 0 0 0 0 0 0 0 0 0 0 0 0 0 1 0 0 0 0 0 0 0 1 0 0 0 0 0 0 0 1 0 0 0 0 0 0 0 0 0 0 0 0 0 0 0 0 2 0 0 153 193 110 0 1 0 0 0 0 0 0 0 0 0 0 0 2 0 0 0 0 0 3 0 1 0 0 0 0 0 0 0 255 255 255 255 0 0 0 0 0 0 0 0 data 0 oops 0
ciMethod java/util/HashMap$TreeNode root ()Ljava/util/HashMap$TreeNode; 0 0 1 0 -1
ciMethod java/util/HashMap$TreeNode moveRootToFront ([Ljava/util/HashMap$Node;Ljava/util/HashMap$TreeNode;)V 17 1 2 0 -1
ciMethod java/util/HashMap$TreeNode find (ILjava/lang/Object;Ljava/lang/Class;)Ljava/util/HashMap$TreeNode; 0 0 1 0 -1
ciMethod java/util/HashMap$TreeNode tieBreakOrder (Ljava/lang/Object;Ljava/lang/Object;)I 0 0 1 0 -1
ciMethod java/util/HashMap$TreeNode treeify ([Ljava/util/HashMap$Node;)V 9 241 1 0 -1
ciMethod java/util/HashMap$TreeNode putTreeVal (Ljava/util/HashMap;[Ljava/util/HashMap$Node;ILjava/lang/Object;Ljava/lang/Object;)Ljava/util/HashMap$TreeNode; 9 17 1 0 0
ciMethod java/util/HashMap$TreeNode split (Ljava/util/HashMap;[Ljava/util/HashMap$Node;II)V 0 0 1 0 -1
ciMethod java/util/HashMap$TreeNode balanceInsertion (Ljava/util/HashMap$TreeNode;Ljava/util/HashMap$TreeNode;)Ljava/util/HashMap$TreeNode; 89 73 11 0 -1
ciMethod java/util/HashSet contains (Ljava/lang/Object;)Z 3073 1 5772 0 1376
ciMethod java/util/HashSet add (Ljava/lang/Object;)Z 2049 1 10990 0 480
ciMethodData java/util/HashMap hash (Ljava/lang/Object;)I 2 81667 orig 264 88 66 134 83 0 0 0 0 144 122 12 20 0 0 0 0 176 1 0 0 32 0 0 0 0 0 0 0 0 0 0 0 0 0 0 0 0 0 0 0 0 0 0 0 0 0 0 0 0 0 0 0 0 0 0 0 0 0 0 0 0 0 0 0 0 0 0 0 0 0 0 0 0 0 0 0 0 0 0 0 77 68 79 32 101 120 116 114 97 32 100 97 116 97 32 108 111 99 107 0 0 0 0 0 0 0 0 0 0 0 0 0 0 0 0 0 0 0 0 0 0 0 0 0 0 0 0 0 0 0 0 0 0 0 0 0 0 0 0 0 0 0 0 0 0 0 0 0 0 0 0 0 0 0 0 0 0 0 0 0 0 0 0 0 0 0 0 0 0 0 0 0 0 0 0 0 0 0 0 0 0 0 0 0 17 0 0 0 0 0 0 0 0 0 0 0 0 0 0 0 0 0 0 0 0 0 0 0 0 0 0 0 0 0 0 0 0 2 0 0 25 232 9 0 1 0 0 0 0 0 0 0 0 0 0 0 2 0 0 0 0 0 6 0 2 0 0 0 104 0 0 0 255 255 255 255 7 0 1 0 0 0 0 0 data 13 0x10007 0x13cd9 0x38 0x2a 0x50003 0x2a 0x48 0x90005 0x41bc 0x249d910 0xa515 0x249d9a0 0x543d oops 2 9 java/lang/String 11 java/lang/Class
ciMethodData java/util/HashMap put (Ljava/lang/Object;Ljava/lang/Object;)Ljava/lang/Object; 2 7416 orig 264 88 66 134 83 0 0 0 0 128 133 12 20 0 0 0 0 152 1 0 0 0 0 0 0 0 0 0 0 0 0 0 0 0 0 0 0 0 0 0 0 0 0 0 0 0 0 0 0 0 0 0 0 0 0 0 0 0 0 0 0 0 0 0 0 0 0 0 0 0 0 0 0 0 0 0 0 0 0 0 0 77 68 79 32 101 120 116 114 97 32 100 97 116 97 32 108 111 99 107 0 0 0 0 0 0 0 0 0 0 0 0 0 0 0 0 0 0 0 0 0 0 0 0 0 0 0 0 0 0 0 0 0 0 0 0 0 0 0 0 0 0 0 0 0 0 0 0 0 0 0 0 0 0 0 0 0 0 0 0 0 0 0 0 0 0 0 0 0 0 0 0 0 0 0 0 0 0 0 0 0 0 0 0 0 0 0 0 0 0 0 0 0 0 0 0 0 0 0 0 0 0 0 0 0 0 0 0 0 0 0 0 0 0 0 0 0 0 1 0 0 193 223 0 0 1 0 0 0 0 0 0 0 0 0 0 0 2 0 0 0 0 0 7 0 2 0 0 0 64 0 0 0 255 255 255 255 2 0 2 0 0 0 0 0 data 8 0x20002 0x1bf8 0x90005 0x84a 0x163e40c0 0x13a1 0x1aa48f80 0xd oops 2 4 java/util/HashMap 6 java/io/ExpiringCache$1
ciMethodData java/util/HashMap putVal (ILjava/lang/Object;Ljava/lang/Object;ZZ)Ljava/lang/Object; 2 19465 orig 264 88 66 134 83 0 0 0 0 96 135 12 20 0 0 0 0 176 6 0 0 232 2 0 0 0 0 0 0 0 0 0 0 0 0 0 0 0 0 0 0 0 0 0 0 0 0 0 0 0 0 0 0 0 0 0 0 0 0 0 0 0 0 0 0 0 0 0 0 0 0 0 0 0 0 0 0 0 0 0 0 77 68 79 32 101 120 116 114 97 32 100 97 116 97 32 108 111 99 107 0 0 0 0 0 0 0 0 0 0 0 0 0 0 0 0 0 0 0 0 0 0 0 0 0 0 0 0 0 0 0 0 0 0 0 0 0 0 0 0 0 0 0 0 0 2 0 0 0 0 0 0 0 0 0 0 0 0 0 0 0 0 0 0 0 4 0 0 0 0 0 0 0 0 0 0 0 0 0 0 1 0 0 0 0 0 0 0 0 0 0 0 0 0 0 0 0 0 0 0 0 0 0 0 0 0 0 0 0 0 0 0 0 0 0 0 0 255 0 0 0 73 96 1 0 129 26 0 0 75 22 0 0 170 1 0 0 2 0 0 0 1 0 50 0 2 0 0 0 64 5 0 0 255 255 255 255 7 0 7 0 0 0 0 0 data 168 0x70007 0x380 0x40 0x2889 0x100007 0x2889 0x50 0x0 0x140005 0x57 0x163e40c0 0x176 0x1aa47750 0x1b3 0x2c0007 0x11af 0x98 0x1a5a 0x380005 0xd1a 0x163e40c0 0xd33 0x1aa48f80 0xd 0x3b0004 0x0 0x19ad0460 0xd34 0x19ad6410 0xd26 0x3c0003 0x1a5a 0x3d0 0x450007 0xd74 0xc8 0x43b 0x510007 0x3ec 0x90 0x4f 0x550007 0x0 0x88 0x4f 0x5b0005 0x3c 0x249d910 0xd 0x1492c370 0x6 0x5e0007 0x3c 0x38 0x13 0x650003 0x3ff 0x278 0x6a0004 0xfffffffffffff251 0x19ad0460 0xdf 0x19ad6410 0x3 0x6d0007 0xdaf 0x98 0x1 0x720004 0x0 0x19ad15c0 0x1 0x0 0x0 0x7b0005 0x1 0x0 0x0 0x0 0x0 0x800003 0x1 0x1b0 0x8e0007 0x486 0xb8 0xc79 0x980005 0x62d 0x163e40c0 0x645 0x1aa48f80 0x7 0xa2e007 0xc77 0x148 0x3 0xa90005 0x3 0x0 0x0 0x0 0x0 0xac0003 0x3 0xf8 0xb50007 0x332 0xc8 0x154 0xc10007 0x139 0xc0 0x1b 0xc50007 0x0 0x88 0x1b 0xcbc005 0x1a 0x249d910 0x1 0x19ad64c0 0x4 0xce0007 0x1e 0x38 0x1 0xd10003 0x1 0x30 0xdb0003 0x350 0xfffffffffffffe80 0xe00007 0xc7b 0x90 0x539 0xec0007 0x538 0x40 0x1 0xf10007 0x1 0x20 0x0 0xfd0005 0x0 0x163e40c0 0x513 0x1aa47750 0x26 0x11c0007 0x2566 0x50 0x16f 0x1200005 0xc1 0x163e40c0 0xad 0x1aa48f80 0x1 0x1270005 0x1347 0x163e40c0 0x137a 0x1aa48f80 0x14 oops 21 10 java/util/HashMap 12 java/util/LinkedHashMap 20 java/util/HashMap 22 java/io/ExpiringCache$1 26 java/util/HashMap$Node 28 java/util/LinkedHashMap$Entry 47 java/lang/String 49 java/io/File 60 java/util/HashMap$Node 62 java/util/LinkedHashMap$Entry 70 java/util/HashMap$TreeNode 89 java/util/HashMap 91 java/io/ExpiringCache$1 120 java/lang/String 122 sun/misc/ProxyGenerator$ConstantPool$IndirectEntry 148 java/util/HashMap 150 java/util/LinkedHashMap 158 java/util/HashMap 160 java/io/ExpiringCache$1 164 java/util/HashMap 166 java/io/ExpiringCache$1
ciMethodData java/util/HashMap$Node <init> (ILjava/lang/Object;Ljava/lang/Object;Ljava/util/HashMap$Node;)V 2 23010 orig 264 88 66 134 83 0 0 0 0 72 201 12 20 0 0 0 0 80 1 0 0 0 0 0 0 0 0 0 0 0 0 0 0 0 0 0 0 0 0 0 0 0 0 0 0 0 0 0 0 0 0 0 0 0 0 0 0 0 0 0 0 0 0 0 0 0 0 0 0 0 0 0 0 0 0 0 0 0 0 0 0 77 68 79 32 101 120 116 114 97 32 100 97 116 97 32 108 111 99 107 0 0 0 0 0 0 0 0 0 0 0 0 0 0 0 0 0 0 0 0 0 0 0 0 0 0 0 0 0 0 0 0 0 0 0 0 0 0 0 0 0 0 0 0 0 0 0 0 0 0 0 0 0 0 0 0 0 0 0 0 0 0 0 0 0 0 0 0 0 0 0 0 0 0 0 0 0 0 0 0 0 0 0 0 0 1 0 0 0 0 0 0 0 0 0 0 0 0 0 0 0 1 0 0 0 0 0 0 0 0 0 0 0 0 0 0 0 6 1 0 0 225 198 2 0 1 0 0 0 0 0 0 0 0 0 0 0 2 0 0 0 0 0 3 0 2 0 0 0 16 0 0 0 255 255 255 255 2 0 1 0 0 0 0 0 data 2 0x10002 0x58dc oops 0
ciMethodData java/util/HashMap resize ()[Ljava/util/HashMap$Node; 2 18483 orig 264 88 66 134 83 0 0 0 0 144 137 12 20 0 0 0 0 56 6 0 0 176 1 0 0 0 0 0 0 0 0 0 0 0 0 0 0 0 0 0 0 0 0 0 0 0 0 0 0 0 0 0 0 0 0 0 0 0 0 0 0 0 0 0 0 0 0 0 0 0 0 0 0 0 0 0 0 0 0 0 0 77 68 79 32 101 120 116 114 97 32 100 97 116 97 32 108 111 99 107 0 0 0 0 0 0 0 0 0 0 0 0 0 0 0 0 0 0 0 0 0 0 0 0 0 0 0 0 0 0 0 0 0 0 0 0 0 0 0 0 0 0 0 0 0 0 0 0 0 0 0 0 0 0 0 0 0 0 0 0 0 0 0 0 0 0 0 0 0 0 0 0 0 0 0 0 0 0 0 0 0 0 0 0 0 0 0 0 0 0 0 0 0 0 0 0 0 0 0 0 0 0 0 0 0 0 0 0 0 0 0 0 0 0 0 0 0 36 2 0 0 241 87 0 0 121 48 2 0 0 0 0 0 0 0 0 0 2 0 0 0 2 0 56 0 2 0 0 0 240 4 0 0 255 255 255 255 7 0 6 0 0 0 0 0 data 158 0x60007 0x18e 0x38 0x970 0xa0003 0x970 0x18 0x190007 0x970 0x98 0x18e 0x1f0007 0x18e 0x20 0x0 0x320007 0x0 0x90 0x18e 0x380007 0x64 0x70 0x12a 0x400003 0x12a 0x50 0x440007 0x4a6 0x38 0x4ca 0x4a0003 0x4ca 0x18 0x570007 0x5d0 0x78 0x52e 0x680007 0x0 0x58 0x52e 0x700007 0x0 0x38 0x52e 0x760003 0x52e 0x18 0x880004 0x0 0x19ad0510 0x77 0x0 0x0 0x940007 0x970 0x340 0x18e 0x9d0007 0x18e 0x320 0x31d7 0xa70007 0x16fe 0x2e8 0x1ad9 0xae0104 0x0 0x0 0x0 0x0 0x0 0xb40007 0x997 0x68 0x1142 0xc50004 0x0 0x19ad0460 0xf81 0x19ad6410 0x1c1 0xc60003 0x1142 0x248 0xcb0004 0xfffffffffffff669 0x19ad0460 0x125 0x19ad6410 0x21 0xce0007 0x997 0x98 0x0 0xd30004 0x0 0x0 0x0 0x0 0x0 0xdc0005 0x0 0x0 0x0 0x0 0x0 0xdf0003 0x0 0x180 0xfc0007 0x859 0x70 0xd25 0x1010007 0x4d2 0x38 0x853 0x1080003 0x853 0x18 0x1160003 0xd25 0x50 0x11b0007 0x267 0x38 0x5f2 0x1220003 0x5f2 0x18 0x1350007 0xbe7 0xffffffffffffff58 0x997 0x13a0007 0x144 0x50 0x853 0x1490004 0x0 0x19ad0460 0x7ac 0x19ad6410 0xa7 0x14c0007 0x3a5 0x50 0x5f2 0x15d0004 0x0 0x19ad0460 0x557 0x19ad6410 0x9b 0x1610003 0x31d7 0xfffffffffffffcf8 oops 9 50 [Ljava/util/HashMap$Node; 78 java/util/HashMap$Node 80 java/util/LinkedHashMap$Entry 87 java/util/HashMap$Node 89 java/util/LinkedHashMap$Entry 141 java/util/HashMap$Node 143 java/util/LinkedHashMap$Entry 151 java/util/HashMap$Node 153 java/util/LinkedHashMap$Entry
ciMethodData java/util/HashMap treeifyBin ([Ljava/util/HashMap$Node;I)V 1 9 orig 264 88 66 134 83 0 0 0 0 160 138 12 20 0 0 0 0 8 3 0 0 136 0 0 0 0 0 0 0 0 0 0 0 0 0 0 0 0 0 0 0 0 0 0 0 0 0 0 0 0 0 0 0 0 0 0 0 0 0 0 0 0 0 0 0 0 0 0 0 0 0 0 0 0 0 0 0 0 0 0 0 77 68 79 32 101 120 116 114 97 32 100 97 116 97 32 108 111 99 107 0 0 0 0 0 0 0 0 0 0 0 0 0 0 0 0 0 0 0 0 0 0 0 0 0 0 0 0 0 0 0 0 0 0 0 0 0 0 0 0 0 0 0 0 0 0 0 0 0 0 0 0 0 0 0 0 0 0 0 0 0 0 0 0 0 0 0 0 0 0 0 0 0 0 0 0 0 0 0 0 0 0 0 0 0 17 0 0 0 0 0 0 0 0 0 0 0 0 0 0 0 0 0 0 0 0 0 0 0 0 0 0 0 0 0 0 0 0 0 0 0 25 0 0 0 73 0 0 0 0 0 0 0 0 0 0 0 2 0 0 0 0 0 0 0 0 0 0 0 176 1 0 0 255 255 255 255 7 0 1 0 0 0 0 0 data 54 0x10007 0x0 0x40 0x3 0xa0007 0x1 0x68 0x2 0xe0005 0x2 0x0 0x0 0x0 0x0 0x120003 0x2 0x140 0x220007 0x0 0x128 0x1 0x2f0005 0x0 0x163e40c0 0xb 0x0 0x0 0x360007 0xa 0x38 0x1 0x3d0003 0x1 0x18 0x5a0007 0xa 0xffffffffffffff98 0x1 0x630004 0x0 0x19ad15c0 0x1 0x0 0x0 0x640007 0x0 0x50 0x1 0x6a0005 0x1 0x0 0x0 0x0 0x0 oops 2 23 java/util/HashMap 40 java/util/HashMap$TreeNode
ciMethodData java/util/HashMap get (Ljava/lang/Object;)Ljava/lang/Object; 2 35737 orig 264 88 66 134 83 0 0 0 0 16 131 12 20 0 0 0 0 200 1 0 0 16 0 0 0 0 0 0 0 0 0 0 0 0 0 0 0 0 0 0 0 0 0 0 0 0 0 0 0 0 0 0 0 0 0 0 0 0 0 0 0 0 0 0 0 0 0 0 0 0 0 0 0 0 0 0 0 0 0 0 0 77 68 79 32 101 120 116 114 97 32 100 97 116 97 32 108 111 99 107 0 0 0 0 0 0 0 0 0 0 0 0 0 0 0 0 0 0 0 0 0 0 0 0 0 0 0 0 0 0 0 0 0 0 0 0 0 0 0 0 0 0 0 0 0 1 0 0 0 0 0 0 0 0 0 0 0 0 0 0 0 0 0 0 0 0 0 0 0 0 0 0 0 0 0 0 0 0 0 0 0 0 0 0 0 17 0 0 0 0 0 0 0 0 0 0 0 0 0 0 0 1 0 0 0 0 0 0 0 0 0 0 0 0 0 0 0 63 1 0 0 209 82 4 0 1 0 0 0 43 28 0 0 0 0 0 0 2 0 0 0 0 0 10 0 2 0 0 0 120 0 0 0 255 255 255 255 2 0 2 0 0 0 0 0 data 15 0x20002 0x8a5c 0x60005 0x5c 0x163e40c0 0x8715 0x16072020 0x2ea 0xb0007 0x3fd1 0x38 0x4a8c 0xf0003 0x4a8c 0x18 oops 2 4 java/util/HashMap 6 java/lang/ProcessEnvironment
ciMethodData java/util/HashMap newNode (ILjava/lang/Object;Ljava/lang/Object;Ljava/util/HashMap$Node;)Ljava/util/HashMap$Node; 2 8592 orig 264 88 66 134 83 0 0 0 0 240 162 12 20 0 0 0 0 80 1 0 0 0 0 0 0 0 0 0 0 0 0 0 0 0 0 0 0 0 0 0 0 0 0 0 0 0 0 0 0 0 0 0 0 0 0 0 0 0 0 0 0 0 0 0 0 0 0 0 0 0 0 0 0 0 0 0 0 0 0 0 0 77 68 79 32 101 120 116 114 97 32 100 97 116 97 32 108 111 99 107 0 0 0 0 0 0 0 0 0 0 0 0 0 0 0 0 0 0 0 0 0 0 0 0 0 0 0 0 0 0 0 0 0 0 0 0 0 0 0 0 0 0 0 0 0 0 0 0 0 0 0 0 0 0 0 0 0 0 0 0 0 0 0 0 0 0 0 0 0 0 0 0 0 0 0 0 0 0 0 0 0 0 0 0 0 0 0 0 0 0 0 0 0 0 0 0 0 0 0 0 0 0 0 0 0 0 0 0 0 0 0 0 0 0 0 0 0 128 1 0 0 129 0 1 0 1 0 0 0 0 0 0 0 0 0 0 0 2 0 0 0 0 0 3 0 2 0 0 0 16 0 0 0 255 255 255 255 2 0 9 0 0 0 0 0 data 2 0x90002 0x2010 oops 0
ciMethodData java/util/HashMap afterNodeInsertion (Z)V 2 1417 orig 264 88 66 134 83 0 0 0 0 184 166 12 20 0 0 0 0 40 1 0 0 0 0 0 0 0 0 0 0 0 0 0 0 0 0 0 0 0 0 0 0 0 0 0 0 0 0 0 0 0 0 0 0 0 0 0 0 0 0 0 0 0 0 0 0 0 0 0 0 0 0 0 0 0 0 0 0 0 0 0 0 77 68 79 32 101 120 116 114 97 32 100 97 116 97 32 108 111 99 107 0 0 0 0 0 0 0 0 0 0 0 0 0 0 0 0 0 0 0 0 0 0 0 0 0 0 0 0 0 0 0 0 0 0 0 0 0 0 0 0 0 0 0 0 0 0 0 0 0 0 0 0 0 0 0 0 0 0 0 0 0 0 0 0 0 0 0 0 0 0 0 0 0 0 0 0 0 0 0 0 0 0 0 0 0 0 0 0 0 0 0 0 0 0 0 0 0 0 0 0 0 0 0 0 0 0 0 0 0 0 0 0 0 0 0 0 0 128 1 0 0 73 32 0 0 1 0 0 0 0 0 0 0 0 0 0 0 2 0 0 0 0 0 3 0 1 0 0 0 0 0 0 0 255 255 255 255 0 0 0 0 0 0 0 0 data 0 oops 0
ciMethodData java/util/LinkedHashMap afterNodeAccess (Ljava/util/HashMap$Node;)V 2 1186 orig 264 88 66 134 83 0 0 0 0 80 20 20 20 0 0 0 0 104 2 0 0 200 0 0 0 0 0 0 0 0 0 0 0 0 0 0 0 0 0 0 0 0 0 0 0 0 0 0 0 0 0 0 0 0 0 0 0 0 0 0 0 0 0 0 0 0 0 0 0 0 0 0 0 0 0 0 0 0 0 0 0 77 68 79 32 101 120 116 114 97 32 100 97 116 97 32 108 111 99 107 0 0 0 0 0 0 0 0 0 0 0 0 0 0 0 0 0 0 0 0 0 0 0 0 0 0 0 0 0 0 0 0 0 0 0 0 0 0 0 0 0 0 0 0 0 0 0 0 0 0 0 0 0 0 0 0 0 0 0 0 0 0 0 0 0 0 0 0 0 0 0 0 0 0 0 0 0 0 0 0 0 0 0 0 0 17 0 0 0 0 0 0 0 0 0 0 0 0 0 0 0 1 0 0 0 0 0 0 0 0 0 0 0 0 0 0 0 0 0 0 0 17 37 0 0 1 0 0 0 0 0 0 0 0 0 0 0 2 0 0 0 0 0 17 0 2 0 0 0 24 1 0 0 255 255 255 255 7 0 4 0 0 0 0 0 data 35 0x40007 0x458 0x118 0x4a 0xe0007 0x4a 0xf8 0x0 0x120004 0x0 0x0 0x0 0x0 0x0 0x290007 0x0 0x38 0x0 0x320003 0x0 0x18 0x3e0007 0x0 0x38 0x0 0x480003 0x0 0x18 0x4f0007 0x0 0x38 0x0 0x570003 0x0 0x18 oops 0
ciMethodData java/util/HashSet add (Ljava/lang/Object;)Z 2 10990 orig 264 88 66 134 83 0 0 0 0 88 111 26 20 0 0 0 0 184 1 0 0 0 0 0 0 0 0 0 0 0 0 0 0 0 0 0 0 0 0 0 0 0 0 0 0 0 0 0 0 0 0 0 0 0 0 0 0 0 0 0 0 0 0 0 0 0 0 0 0 0 0 0 0 0 0 0 0 0 0 0 0 77 68 79 32 101 120 116 114 97 32 100 97 116 97 32 108 111 99 107 0 0 0 0 0 0 0 0 0 0 0 0 0 0 0 0 0 0 0 0 0 0 0 0 0 0 0 0 0 0 0 0 0 0 0 0 0 0 0 0 0 0 0 0 0 0 0 0 0 0 0 0 0 0 0 0 0 0 0 0 0 0 0 0 0 0 0 0 0 0 0 0 0 0 0 0 0 0 0 0 0 0 0 0 0 0 0 0 0 0 0 0 0 0 0 0 0 0 0 0 0 0 0 0 0 0 0 0 0 0 0 0 0 0 0 0 0 0 1 0 0 113 79 1 0 1 0 0 0 0 0 0 0 0 0 0 0 2 0 0 0 0 0 6 0 2 0 0 0 104 0 0 0 255 255 255 255 5 0 8 0 0 0 0 0 data 13 0x80005 0x0 0x163e40c0 0x168f 0x1aa47750 0x135f 0xb0007 0xe7e 0x38 0x1b70 0xf0003 0x1b70 0x18 oops 2 2 java/util/HashMap 4 java/util/LinkedHashMap
ciMethodData java/util/HashMap afterNodeAccess (Ljava/util/HashMap$Node;)V 2 1281 orig 264 88 66 134 83 0 0 0 0 40 166 12 20 0 0 0 0 40 1 0 0 0 0 0 0 0 0 0 0 0 0 0 0 0 0 0 0 0 0 0 0 0 0 0 0 0 0 0 0 0 0 0 0 0 0 0 0 0 0 0 0 0 0 0 0 0 0 0 0 0 0 0 0 0 0 0 0 0 0 0 0 77 68 79 32 101 120 116 114 97 32 100 97 116 97 32 108 111 99 107 0 0 0 0 0 0 0 0 0 0 0 0 0 0 0 0 0 0 0 0 0 0 0 0 0 0 0 0 0 0 0 0 0 0 0 0 0 0 0 0 0 0 0 0 0 0 0 0 0 0 0 0 0 0 0 0 0 0 0 0 0 0 0 0 0 0 0 0 0 0 0 0 0 0 0 0 0 0 0 0 0 0 0 0 0 0 0 0 0 0 0 0 0 0 0 0 0 0 0 0 0 0 0 0 0 0 0 0 0 0 0 0 0 0 0 0 0 1 1 0 0 1 32 0 0 1 0 0 0 0 0 0 0 0 0 0 0 2 0 0 0 0 0 3 0 1 0 0 0 0 0 0 0 255 255 255 255 0 0 0 0 0 0 0 0 data 0 oops 0
ciMethodData java/lang/Object equals (Ljava/lang/Object;)Z 2 14110 orig 264 88 66 134 83 0 0 0 0 232 6 254 19 0 0 0 0 136 1 0 0 0 0 0 0 0 0 0 0 0 0 0 0 0 0 0 0 0 0 0 0 0 0 0 0 0 0 0 0 0 0 0 0 0 0 0 0 0 0 0 0 0 0 0 0 0 0 0 0 0 0 0 0 0 0 0 0 0 0 0 0 77 68 79 32 101 120 116 114 97 32 100 97 116 97 32 108 111 99 107 0 0 0 0 0 0 0 0 0 0 0 0 0 0 0 0 0 0 0 0 0 0 0 0 0 0 0 0 0 0 0 0 0 0 0 0 0 0 0 0 0 0 0 0 0 0 0 0 0 0 0 0 0 0 0 0 0 0 0 0 0 0 0 0 0 0 0 0 0 0 0 0 0 0 0 0 0 0 0 0 0 0 0 0 0 1 0 0 0 0 0 0 0 0 0 0 0 0 0 0 0 3 0 0 0 0 0 0 0 0 0 0 0 0 0 0 0 25 1 0 0 41 176 1 0 1 0 0 0 0 0 0 0 0 0 0 0 2 0 0 0 0 0 6 0 2 0 0 0 56 0 0 0 255 255 255 255 7 0 2 0 0 0 0 0 data 7 0x20007 0x1596 0x38 0x206f 0x60003 0x206f 0x18 oops 0
ciMethodData java/util/LinkedHashMap newNode (ILjava/lang/Object;Ljava/lang/Object;Ljava/util/HashMap$Node;)Ljava/util/HashMap$Node; 2 14402 orig 264 88 66 134 83 0 0 0 0 136 15 20 20 0 0 0 0 96 1 0 0 0 0 0 0 0 0 0 0 0 0 0 0 0 0 0 0 0 0 0 0 0 0 0 0 0 0 0 0 0 0 0 0 0 0 0 0 0 0 0 0 0 0 0 0 0 0 0 0 0 0 0 0 0 0 0 0 0 0 0 0 77 68 79 32 101 120 116 114 97 32 100 97 116 97 32 108 111 99 107 0 0 0 0 0 0 0 0 0 0 0 0 0 0 0 0 0 0 0 0 0 0 0 0 0 0 0 0 0 0 0 0 0 0 0 0 0 0 0 0 0 0 0 0 0 0 0 0 0 0 0 0 0 0 0 0 0 0 0 0 0 0 0 0 0 0 0 0 0 0 0 0 0 0 0 0 0 0 0 0 0 0 0 0 0 0 0 0 0 0 0 0 0 0 0 0 0 0 0 0 0 0 0 0 0 0 0 0 0 0 0 0 0 0 0 0 0 0 1 0 0 17 186 1 0 1 0 0 0 0 0 0 0 0 0 0 0 2 0 0 0 0 0 7 0 2 0 0 0 32 0 0 0 255 255 255 255 2 0 9 0 0 0 0 0 data 4 0x90002 0x3745 0x110002 0x3746 oops 0
ciMethodData java/util/LinkedHashMap$Entry <init> (ILjava/lang/Object;Ljava/lang/Object;Ljava/util/HashMap$Node;)V 2 14417 orig 264 88 66 134 83 0 0 0 0 112 103 20 20 0 0 0 0 80 1 0 0 0 0 0 0 0 0 0 0 0 0 0 0 0 0 0 0 0 0 0 0 0 0 0 0 0 0 0 0 0 0 0 0 0 0 0 0 0 0 0 0 0 0 0 0 0 0 0 0 0 0 0 0 0 0 0 0 0 0 0 0 77 68 79 32 101 120 116 114 97 32 100 97 116 97 32 108 111 99 107 0 0 0 0 0 0 0 0 0 0 0 0 0 0 0 0 0 0 0 0 0 0 0 0 0 0 0 0 0 0 0 0 0 0 0 0 0 0 0 0 0 0 0 0 0 0 0 0 0 0 0 0 0 0 0 0 0 0 0 0 0 0 0 0 0 0 0 0 0 0 0 0 0 0 0 0 0 0 0 0 0 0 0 0 0 0 0 0 0 0 0 0 0 0 0 0 0 0 0 0 0 0 0 0 0 0 0 0 0 0 0 0 0 0 0 0 0 255 0 0 0 145 186 1 0 1 0 0 0 0 0 0 0 0 0 0 0 2 0 0 0 0 0 0 0 0 0 0 0 16 0 0 0 255 255 255 255 2 0 6 0 0 0 0 0 data 2 0x60002 0x3753 oops 0
ciMethodData java/util/LinkedHashMap linkNodeLast (Ljava/util/LinkedHashMap$Entry;)V 2 14407 orig 264 88 66 134 83 0 0 0 0 104 13 20 20 0 0 0 0 96 1 0 0 0 0 0 0 0 0 0 0 0 0 0 0 0 0 0 0 0 0 0 0 0 0 0 0 0 0 0 0 0 0 0 0 0 0 0 0 0 0 0 0 0 0 0 0 0 0 0 0 0 0 0 0 0 0 0 0 0 0 0 0 77 68 79 32 101 120 116 114 97 32 100 97 116 97 32 108 111 99 107 0 0 0 0 0 0 0 0 0 0 0 0 0 0 0 0 0 0 0 0 0 0 0 0 0 0 0 0 0 0 0 0 0 0 0 0 0 0 0 0 0 0 0 0 0 0 0 0 0 0 0 0 0 0 0 0 0 0 0 0 0 0 0 0 0 0 0 0 0 0 0 0 0 0 0 0 0 0 0 0 0 0 0 0 0 0 0 0 0 0 0 0 0 0 0 0 0 0 0 0 0 0 0 0 0 0 0 0 0 0 0 0 0 0 0 0 0 255 0 0 0 65 186 1 0 1 0 0 0 0 0 0 0 0 0 0 0 2 0 0 0 0 0 0 0 0 0 0 0 56 0 0 0 255 255 255 255 7 0 11 0 0 0 0 0 data 7 0xb0007 0x1f91 0x38 0x17b7 0x130003 0x17b7 0x18 oops 0
ciMethodData java/util/LinkedHashMap afterNodeInsertion (Z)V 2 12465 orig 264 88 66 134 83 0 0 0 0 56 19 20 20 0 0 0 0 32 2 0 0 0 0 0 0 0 0 0 0 0 0 0 0 0 0 0 0 0 0 0 0 0 0 0 0 0 0 0 0 0 0 0 0 0 0 0 0 0 0 0 0 0 0 0 0 0 0 0 0 0 0 0 0 0 0 0 0 0 0 0 0 77 68 79 32 101 120 116 114 97 32 100 97 116 97 32 108 111 99 107 0 0 0 0 0 0 0 0 0 0 0 0 0 0 0 0 0 0 0 0 0 0 0 0 0 0 0 0 0 0 0 0 0 0 0 0 0 0 0 0 0 0 0 0 0 0 0 0 0 0 0 0 0 0 0 0 0 0 0 0 0 0 0 0 0 0 0 0 0 0 0 0 0 0 0 0 0 0 0 0 0 0 0 0 0 0 0 0 0 0 0 0 0 0 0 0 0 0 0 0 0 0 0 0 0 0 0 0 0 0 0 0 0 0 0 0 0 0 1 0 0 137 125 1 0 1 0 0 0 0 0 0 0 0 0 0 0 2 0 0 0 0 0 14 0 2 0 0 0 208 0 0 0 255 255 255 255 7 0 1 0 0 0 0 0 data 26 0x10007 0x65c 0xd0 0x2955 0xa0007 0x0 0xb0 0x2956 0xf0005 0x673 0x1aa47750 0x22de 0x1aa48f80 0x4 0x120007 0x2956 0x60 0x0 0x1c0002 0x0 0x230005 0x0 0x0 0x0 0x0 0x0 oops 2 10 java/util/LinkedHashMap 12 java/io/ExpiringCache$1
ciMethodData java/util/HashSet contains (Ljava/lang/Object;)Z 2 5772 orig 264 88 66 134 83 0 0 0 0 176 110 26 20 0 0 0 0 128 1 0 0 0 0 0 0 0 0 0 0 0 0 0 0 0 0 0 0 0 0 0 0 0 0 0 0 0 0 0 0 0 0 0 0 0 0 0 0 0 0 0 0 0 0 0 0 0 0 0 0 0 0 0 0 0 0 0 0 0 0 0 0 77 68 79 32 101 120 116 114 97 32 100 97 116 97 32 108 111 99 107 0 0 0 0 0 0 0 0 0 0 0 0 0 0 0 0 0 0 0 0 0 0 0 0 0 0 0 0 0 0 0 0 0 0 0 0 0 0 0 0 0 0 0 0 0 1 0 0 0 0 0 0 0 0 0 0 0 0 0 0 0 0 0 0 0 4 0 0 0 0 0 0 0 0 0 0 0 0 0 0 0 0 0 0 0 17 0 0 0 0 0 0 0 0 0 0 0 0 0 0 0 1 0 0 0 0 0 0 0 0 0 0 0 0 0 0 0 128 1 0 0 97 168 0 0 1 0 0 0 0 0 0 0 0 0 0 0 2 0 0 0 0 0 3 0 2 0 0 0 48 0 0 0 255 255 255 255 5 192 5 0 0 0 0 0 data 6 0x5c005 0x0 0x163e40c0 0x150a 0x1aa47750 0x6 oops 2 2 java/util/HashMap 4 java/util/LinkedHashMap
ciMethodData java/util/HashMap$TreeNode putTreeVal (Ljava/util/HashMap;[Ljava/util/HashMap$Node;ILjava/lang/Object;Ljava/lang/Object;)Ljava/util/HashMap$TreeNode; 1 2 orig 264 88 66 134 83 0 0 0 0 160 57 25 20 0 0 0 0 176 5 0 0 80 0 0 0 0 0 0 0 0 0 0 0 0 0 0 0 0 0 0 0 0 0 0 0 0 0 0 0 0 0 0 0 0 0 0 0 0 0 0 0 0 0 0 0 0 0 0 0 0 0 0 0 0 0 0 0 0 0 0 0 77 68 79 32 101 120 116 114 97 32 100 97 116 97 32 108 111 99 107 0 0 0 0 0 0 0 0 0 0 0 0 0 0 0 0 0 0 0 0 0 0 0 0 0 0 0 0 0 0 0 0 0 0 0 0 0 0 0 0 0 0 0 0 0 0 0 0 0 0 0 0 0 0 0 0 0 0 0 0 0 0 0 0 0 0 0 0 0 0 0 0 0 0 0 0 0 0 0 0 0 0 0 0 0 0 0 0 0 0 0 0 0 0 0 0 0 0 0 0 0 0 0 0 0 0 0 0 0 0 0 0 0 0 0 0 0 2 0 0 0 1 0 0 0 1 0 0 0 0 0 0 0 0 0 0 0 2 0 0 0 0 0 0 0 0 0 0 0 64 4 0 0 255 255 255 255 7 0 10 0 0 0 0 0 data 136 0xa0007 0x0 0x68 0x0 0xe0005 0x0 0x0 0x0 0x0 0x0 0x110003 0x0 0x18 0x240007 0x0 0x38 0x0 0x2a0003 0x0 0x270 0x300007 0x0 0x38 0x0 0x360003 0x0 0x238 0x430007 0x0 0x90 0x0 0x480007 0x0 0x70 0x0 0x4f0005 0x0 0x0 0x0 0x0 0x0 0x520007 0x0 0x20 0x0 0x5a0007 0x0 0x50 0x0 0x5f0002 0x0 0x650007 0x0 0x50 0x0 0x6e0002 0x0 0x740007 0x0 0x130 0x0 0x790007 0x0 0x100 0x0 0x870007 0x0 0x70 0x0 0x910005 0x0 0x0 0x0 0x0 0x0 0x970007 0x0 0x90 0x0 0xa20007 0x0 0x70 0x0 0xac0005 0x0 0x0 0x0 0x0 0x0 0xb20007 0x0 0x20 0x0 0xbc0002 0x0 0xc70007 0x0 0x38 0x0 0xcf0003 0x0 0x18 0xda0007 0x0 0xf8 0x0 0xec0005 0x0 0x0 0x0 0x0 0x0 0xf30007 0x0 0x38 0x0 0xfd0003 0x0 0x18 0x11d0007 0x0 0x50 0x0 0x1220004 0x0 0x0 0x0 0x0 0x0 0x12f0002 0x0 0x1320002 0x0 0x1370003 0x0 0xfffffffffffffc40 oops 0
ciMethod sun/nio/ch/SelChImpl translateAndUpdateReadyOps (ILsun/nio/ch/SelectionKeyImpl;)Z 0 0 1 0 -1
ciMethod sun/nio/ch/SelChImpl translateAndSetReadyOps (ILsun/nio/ch/SelectionKeyImpl;)Z 0 0 1 0 -1
ciMethod sun/nio/ch/WindowsSelectorImpl discardUrgentData (I)Z 0 0 1 0 -1
ciMethod sun/nio/ch/WindowsSelectorImpl access$1700 (Lsun/nio/ch/WindowsSelectorImpl;)I 0 0 1 0 0
ciMethod sun/nio/ch/WindowsSelectorImpl access$1800 (Lsun/nio/ch/WindowsSelectorImpl;)Ljava/lang/Object; 0 0 1 0 0
ciMethod sun/nio/ch/WindowsSelectorImpl access$1902 (Lsun/nio/ch/WindowsSelectorImpl;Z)Z 0 0 10 0 0
ciMethod sun/nio/ch/WindowsSelectorImpl access$2000 (Lsun/nio/ch/WindowsSelectorImpl;)Lsun/nio/ch/WindowsSelectorImpl$FdMap; 0 0 1 0 0
ciMethod sun/nio/ch/WindowsSelectorImpl access$2200 (Lsun/nio/ch/WindowsSelectorImpl;I)Z 0 0 1 0 0
ciMethod sun/nio/ch/SelectionKeyImpl channel ()Ljava/nio/channels/SelectableChannel; 65 1 8 0 0
ciMethod sun/nio/ch/SelectionKeyImpl nioReadyOps ()I 49 1 6 0 0
ciMethod sun/nio/ch/SelectionKeyImpl nioInterestOps ()I 49 1 6 0 0
ciMethod sun/nio/ch/WindowsSelectorImpl$FdMap get (I)Lsun/nio/ch/WindowsSelectorImpl$MapEntry; 0 0 3 0 0
ciMethod sun/nio/ch/WindowsSelectorImpl$FdMap access$2100 (Lsun/nio/ch/WindowsSelectorImpl$FdMap;I)Lsun/nio/ch/WindowsSelectorImpl$MapEntry; 0 0 3 0 0
ciMethod sun/nio/ch/WindowsSelectorImpl$SubSelector processFDSet (J[IIZ)I 2049 1 5377 0 -1
ciMethod sun/nio/ch/SocketChannelImpl translateReadyOps (IILsun/nio/ch/SelectionKeyImpl;)Z 25 1 3 0 -1
ciMethod sun/nio/ch/SocketChannelImpl translateAndSetReadyOps (ILsun/nio/ch/SelectionKeyImpl;)Z 25 1 3 0 0
ciMethodData sun/nio/ch/WindowsSelectorImpl$SubSelector processFDSet (J[IIZ)I 2 5377 orig 264 88 66 134 83 0 0 0 0 96 180 82 29 0 0 0 0 224 6 0 0 40 5 0 0 0 0 0 0 0 0 0 0 0 0 0 0 0 0 0 0 0 0 0 0 0 0 0 0 0 0 0 0 0 0 0 0 0 0 0 0 0 0 0 0 0 0 0 0 0 0 0 0 0 0 0 0 0 0 0 0 77 68 79 32 101 120 116 114 97 32 100 97 116 97 32 108 111 99 107 0 0 0 0 0 0 0 0 0 0 0 0 0 0 0 0 0 0 0 0 0 0 0 0 0 0 0 0 0 0 0 0 0 0 0 0 0 0 0 0 0 0 0 0 0 0 0 0 0 0 0 0 0 0 0 0 0 0 0 0 0 0 0 0 0 0 0 0 0 0 0 0 0 0 0 0 0 0 0 0 0 0 0 0 0 0 0 0 0 0 0 0 0 0 0 0 0 0 0 0 0 0 0 0 0 0 0 0 0 0 0 0 0 0 0 0 0 0 1 0 0 9 160 0 0 105 0 0 0 0 0 0 0 0 0 0 0 2 0 0 0 1 0 52 0 2 0 0 0 112 5 0 0 255 255 255 255 7 0 11 0 0 0 0 0 data 174 0xb0007 0x1401 0x570 0xd 0x1a0002 0xd 0x1d0007 0x3 0x70 0xa 0x240002 0xa 0x300002 0xa 0x370003 0xa 0x18 0x420003 0xa 0x4d0 0x490002 0x3 0x4e0002 0x3 0x550007 0x3 0x38 0x0 0x580003 0x0 0x478 0x640007 0x3 0xe8 0x0 0x690005 0x0 0x0 0x0 0x0 0x0 0x6c0004 0x0 0x0 0x0 0x0 0x0 0x6f0007 0x0 0x68 0x0 0x780002 0x0 0x7b0007 0x0 0x38 0x0 0x7e0003 0x0 0x390 0x8a0005 0x0 0x1603cd20 0x3 0x0 0x0 0x8f0007 0x3 0x150 0x0 0x990007 0x0 0xa8 0x0 0xa50005 0x0 0x0 0x0 0x0 0x0 0xaa0007 0x0 0xc8 0x0 0xb40007 0x0 0xa8 0x0 0xc00003 0x0 0x88 0xcc0005 0x0 0x0 0x0 0x0 0x0 0xd10007 0x0 0x40 0x0 0xdb0007 0x0 0x20 0x0 0xed0003 0x0 0x210 0xf70007 0x0 0x118 0x3 0x1030005 0x0 0x1603cdd0 0x3 0x0 0x0 0x10b0005 0x0 0x1603ce80 0x3 0x0 0x0 0x1100005 0x0 0x1603ce80 0x3 0x0 0x0 0x1140007 0x0 0x148 0x3 0x1200005 0x0 0x1603cd20 0x3 0x0 0x0 0x12f0003 0x3 0xf8 0x13b0005 0x0 0x0 0x0 0x0 0x0 0x1430005 0x0 0x0 0x0 0x0 0x0 0x1480005 0x0 0x0 0x0 0x0 0x0 0x14c0007 0x0 0x50 0x0 0x1580005 0x0 0x0 0x0 0x0 0x0 0x1700003 0xd 0xfffffffffffffaa8 oops 5 62 java/util/HashSet 114 sun/nio/ch/SocketChannelImpl 120 sun/nio/ch/SelectionKeyImpl 126 sun/nio/ch/SelectionKeyImpl 136 java/util/HashSet
ciMethodData sun/nio/ch/WindowsSelectorImpl access$1902 (Lsun/nio/ch/WindowsSelectorImpl;Z)Z 1 10 orig 264 88 66 134 83 0 0 0 0 240 57 82 29 0 0 0 0 40 1 0 0 0 0 0 0 0 0 0 0 0 0 0 0 0 0 0 0 0 0 0 0 0 0 0 0 0 0 0 0 0 0 0 0 0 0 0 0 0 0 0 0 0 0 0 0 0 0 0 0 0 0 0 0 0 0 0 0 0 0 0 0 77 68 79 32 101 120 116 114 97 32 100 97 116 97 32 108 111 99 107 0 0 0 0 0 0 0 0 0 0 0 0 0 0 0 0 0 0 0 0 0 0 0 0 0 0 0 0 0 0 0 0 0 0 0 0 0 0 0 0 0 0 0 0 0 0 0 0 0 0 0 0 0 0 0 0 0 0 0 0 0 0 0 0 0 0 0 0 0 0 0 0 0 0 0 0 0 0 0 0 0 0 0 0 0 0 0 0 0 0 0 0 0 0 0 0 0 0 0 0 0 0 0 0 0 0 0 0 0 0 0 0 0 0 0 0 0 0 0 0 0 81 0 0 0 1 0 0 0 0 0 0 0 0 0 0 0 2 0 0 0 0 0 0 0 0 0 0 0 0 0 0 0 255 255 255 255 0 0 0 0 0 0 0 0 data 0 oops 0
ciMethodData sun/nio/ch/WindowsSelectorImpl$FdMap access$2100 (Lsun/nio/ch/WindowsSelectorImpl$FdMap;I)Lsun/nio/ch/WindowsSelectorImpl$MapEntry; 1 3 orig 264 88 66 134 83 0 0 0 0 88 162 82 29 0 0 0 0 56 1 0 0 0 0 0 0 0 0 0 0 0 0 0 0 0 0 0 0 0 0 0 0 0 0 0 0 0 0 0 0 0 0 0 0 0 0 0 0 0 0 0 0 0 0 0 0 0 0 0 0 0 0 0 0 0 0 0 0 0 0 0 0 77 68 79 32 101 120 116 114 97 32 100 97 116 97 32 108 111 99 107 0 0 0 0 0 0 0 0 0 0 0 0 0 0 0 0 0 0 0 0 0 0 0 0 0 0 0 0 0 0 0 0 0 0 0 0 0 0 0 0 0 0 0 0 0 0 0 0 0 0 0 0 0 0 0 0 0 0 0 0 0 0 0 0 0 0 0 0 0 0 0 0 0 0 0 0 0 0 0 0 0 0 0 0 0 0 0 0 0 0 0 0 0 0 0 0 0 0 0 0 0 0 0 0 0 0 0 0 0 0 0 0 0 0 0 0 0 0 0 0 0 25 0 0 0 1 0 0 0 0 0 0 0 0 0 0 0 2 0 0 0 0 0 0 0 0 0 0 0 16 0 0 0 255 255 255 255 2 0 2 0 0 0 0 0 data 2 0x20002 0x3 oops 0
ciMethodData sun/nio/ch/WindowsSelectorImpl$FdMap get (I)Lsun/nio/ch/WindowsSelectorImpl$MapEntry; 1 3 orig 264 88 66 134 83 0 0 0 0 176 159 82 29 0 0 0 0 192 1 0 0 0 0 0 0 0 0 0 0 0 0 0 0 0 0 0 0 0 0 0 0 0 0 0 0 0 0 0 0 0 0 0 0 0 0 0 0 0 0 0 0 0 0 0 0 0 0 0 0 0 0 0 0 0 0 0 0 0 0 0 0 77 68 79 32 101 120 116 114 97 32 100 97 116 97 32 108 111 99 107 0 0 0 0 0 0 0 0 0 0 0 0 0 0 0 0 0 0 0 0 0 0 0 0 0 0 0 0 0 0 0 0 0 0 0 0 0 0 0 0 0 0 0 0 0 0 0 0 0 0 0 0 0 0 0 0 0 0 0 0 0 0 0 0 0 0 0 0 0 0 0 0 0 0 0 0 0 0 0 0 0 0 0 0 0 0 0 0 0 0 0 0 0 0 0 0 0 0 0 0 0 0 0 0 0 0 0 0 0 0 0 0 0 0 0 0 0 0 0 0 0 25 0 0 0 1 0 0 0 0 0 0 0 0 0 0 0 2 0 0 0 0 0 0 0 0 0 0 0 112 0 0 0 255 255 255 255 2 0 6 0 0 0 0 0 data 14 0x60002 0x3 0x90005 0x0 0x16040520 0x3 0x0 0x0 0xc0004 0x0 0x16040790 0x3 0x0 0x0 oops 2 4 sun/nio/ch/WindowsSelectorImpl$FdMap 10 sun/nio/ch/WindowsSelectorImpl$MapEntry
ciMethodData sun/nio/ch/WindowsSelectorImpl access$2200 (Lsun/nio/ch/WindowsSelectorImpl;I)Z 1 0 orig 264 88 66 134 83 0 0 0 0 32 59 82 29 0 0 0 0 56 1 0 0 0 0 0 0 0 0 0 0 0 0 0 0 0 0 0 0 0 0 0 0 0 0 0 0 0 0 0 0 0 0 0 0 0 0 0 0 0 0 0 0 0 0 0 0 0 0 0 0 0 0 0 0 0 0 0 0 0 0 0 0 77 68 79 32 101 120 116 114 97 32 100 97 116 97 32 108 111 99 107 0 0 0 0 0 0 0 0 0 0 0 0 0 0 0 0 0 0 0 0 0 0 0 0 0 0 0 0 0 0 0 0 0 0 0 0 0 0 0 0 0 0 0 0 0 0 0 0 0 0 0 0 0 0 0 0 0 0 0 0 0 0 0 0 0 0 0 0 0 0 0 0 0 0 0 0 0 0 0 0 0 0 0 0 0 0 0 0 0 0 0 0 0 0 0 0 0 0 0 0 0 0 0 0 0 0 0 0 0 0 0 0 0 0 0 0 0 0 0 0 0 1 0 0 0 1 0 0 0 0 0 0 0 0 0 0 0 2 0 0 0 0 0 0 0 0 0 0 0 16 0 0 0 255 255 255 255 2 0 2 0 0 0 0 0 data 2 0x20002 0x0 oops 0
instanceKlass org/springframework/boot/devtools/filewatch/ChangedFile$$Lambda$853
instanceKlass org/springframework/boot/devtools/filewatch/ChangedFiles
instanceKlass org/springframework/boot/devtools/filewatch/FolderSnapshot$$Lambda$852
instanceKlass com/fasterxml/jackson/databind/ser/impl/PropertySerializerMap$TypeAndSerializer
instanceKlass com/fasterxml/jackson/core/io/NumberOutput
instanceKlass com/fasterxml/jackson/databind/ser/std/NumberSerializers$1
instanceKlass com/fasterxml/jackson/databind/ser/impl/PropertySerializerMap$SerializerAndMapResult
instanceKlass com/fasterxml/jackson/annotation/JsonPropertyOrder
instanceKlass com/fasterxml/jackson/databind/annotation/JsonNaming
instanceKlass com/fasterxml/jackson/databind/introspect/POJOPropertyBuilder$10
instanceKlass com/fasterxml/jackson/databind/introspect/POJOPropertyBuilder$9
instanceKlass com/fasterxml/jackson/annotation/JacksonInject
instanceKlass com/fasterxml/jackson/annotation/JsonAnyGetter
instanceKlass com/fasterxml/jackson/databind/util/BeanUtil
instanceKlass com/fasterxml/jackson/annotation/JsonSetter
instanceKlass com/fasterxml/jackson/databind/introspect/AnnotatedMethodMap
instanceKlass com/fasterxml/jackson/annotation/JacksonAnnotationsInside
instanceKlass com/fasterxml/jackson/databind/introspect/AnnotatedMethodCollector$MethodBuilder
instanceKlass com/fasterxml/jackson/databind/introspect/MemberKey
instanceKlass com/fasterxml/jackson/databind/introspect/POJOPropertyBuilder$Linked
instanceKlass com/fasterxml/jackson/databind/AnnotationIntrospector$ReferenceProperty
instanceKlass com/fasterxml/jackson/databind/introspect/POJOPropertyBuilder$WithMember
instanceKlass com/fasterxml/jackson/annotation/JsonIgnore
instanceKlass com/fasterxml/jackson/annotation/JsonAutoDetect$1
instanceKlass com/fasterxml/jackson/annotation/JsonProperty
instanceKlass com/fasterxml/jackson/annotation/JsonGetter
instanceKlass com/fasterxml/jackson/annotation/JsonAnySetter
instanceKlass com/fasterxml/jackson/annotation/JsonValue
instanceKlass com/fasterxml/jackson/databind/introspect/AnnotatedFieldCollector$FieldBuilder
instanceKlass com/fasterxml/jackson/databind/introspect/TypeResolutionContext$Basic
instanceKlass com/fasterxml/jackson/databind/introspect/AnnotationMap
instanceKlass com/fasterxml/jackson/databind/introspect/CollectorBase
instanceKlass java/util/stream/DoubleStream
instanceKlass java/util/stream/LongStream
instanceKlass com/fasterxml/jackson/annotation/JsonIdentityInfo
instanceKlass com/fasterxml/jackson/annotation/JsonAutoDetect
instanceKlass com/fasterxml/jackson/databind/introspect/POJOPropertiesCollector
instanceKlass com/fasterxml/jackson/databind/ser/std/StdKeySerializers
instanceKlass com/fasterxml/jackson/databind/ObjectWriter$Prefetch
instanceKlass com/fasterxml/jackson/databind/ObjectWriter$GeneratorSettings
instanceKlass com/fasterxml/jackson/core/util/MinimalPrettyPrinter
instanceKlass org/springframework/util/TypeUtils
instanceKlass com/fasterxml/jackson/core/JsonStreamContext
instanceKlass java/util/concurrent/atomic/AtomicReferenceArray
instanceKlass com/fasterxml/jackson/core/util/BufferRecycler
instanceKlass com/fasterxml/jackson/core/util/BufferRecyclers
instanceKlass com/fasterxml/jackson/core/io/IOContext
instanceKlass org/apache/coyote/Constants
instanceKlass org/springframework/http/server/ServletServerHttpResponse$$Lambda$851
instanceKlass org/springframework/http/StreamingHttpOutputMessage
instanceKlass org/springframework/http/converter/json/MappingJacksonValue
instanceKlass org/springframework/web/servlet/mvc/method/annotation/AbstractMessageConverterMethodProcessor$$Lambda$850
instanceKlass javax/xml/bind/annotation/XmlRootElement
instanceKlass com/fasterxml/jackson/annotation/JsonInclude
instanceKlass com/fasterxml/jackson/databind/ser/impl/PropertySerializerMap
instanceKlass com/fasterxml/jackson/annotation/JsonIgnoreProperties$Value
instanceKlass com/fasterxml/jackson/annotation/JsonIgnoreProperties
instanceKlass com/fasterxml/jackson/annotation/JsonFilter
instanceKlass com/fasterxml/jackson/databind/util/ArrayIterator
instanceKlass com/fasterxml/jackson/databind/annotation/JsonTypeResolver
instanceKlass com/fasterxml/jackson/databind/type/TypeBindings$AsKey
instanceKlass com/fasterxml/jackson/databind/type/TypeBindings$TypeParamStash
instanceKlass com/fasterxml/jackson/databind/type/ClassStack
instanceKlass com/fasterxml/jackson/databind/util/TypeKey
instanceKlass com/fasterxml/jackson/databind/ser/impl/ReadOnlyClassToSerializerMap$Bucket
instanceKlass com/fasterxml/jackson/databind/ser/impl/ReadOnlyClassToSerializerMap
instanceKlass org/springframework/http/server/ServletServerHttpResponse
instanceKlass org/springframework/http/server/ServerHttpAsyncRequestControl
instanceKlass org/springframework/http/server/ServletServerHttpRequest
instanceKlass java/time/zone/ZoneOffsetTransitionRule
instanceKlass java/time/zone/ZoneRules
instanceKlass org/springframework/http/ResponseEntity$BodyBuilder
instanceKlass org/springframework/http/ResponseEntity$HeadersBuilder
instanceKlass org/springframework/web/bind/annotation/RequestAttribute
instanceKlass org/springframework/web/bind/annotation/SessionAttribute
instanceKlass org/springframework/web/bind/annotation/CookieValue
instanceKlass org/springframework/web/bind/annotation/RequestHeader
instanceKlass org/springframework/web/bind/annotation/RequestBody
instanceKlass org/springframework/web/bind/annotation/MatrixVariable
instanceKlass org/springframework/web/bind/annotation/PathVariable
instanceKlass javax/servlet/http/Part
instanceKlass org/springframework/web/multipart/MultipartFile
instanceKlass org/springframework/web/multipart/support/MultipartResolutionDelegate
instanceKlass org/springframework/web/bind/annotation/RequestPart
instanceKlass org/springframework/web/bind/annotation/RequestParam
instanceKlass org/springframework/web/servlet/mvc/method/RequestMappingInfoHandlerMapping$$Lambda$849
instanceKlass org/springframework/web/servlet/handler/AbstractHandlerMethodMapping$MatchComparator
instanceKlass javax/servlet/ServletRequestWrapper
instanceKlass org/apache/catalina/core/ApplicationDispatcher$State
instanceKlass org/apache/catalina/core/ApplicationMapping$MappingImpl
instanceKlass org/apache/catalina/core/ApplicationMapping$1
instanceKlass org/apache/catalina/core/ApplicationContext$DispatchData
instanceKlass org/springframework/web/servlet/mvc/LastModified
instanceKlass org/springframework/web/servlet/function/HandlerFunction
instanceKlass org/springframework/util/AntPathMatcher$AntPatternComparator$PatternInfo
instanceKlass org/springframework/util/AntPathMatcher$AntPatternComparator
instanceKlass org/springframework/web/servlet/mvc/method/RequestMappingInfoHandlerMapping$PartialMatchHelper
instanceKlass org/apache/tomcat/util/net/NioBlockingSelector$BlockPoller$RunnableRemove
instanceKlass org/apache/tomcat/util/net/NioBlockingSelector$KeyReference
instanceKlass org/apache/tomcat/util/buf/HexUtils
instanceKlass org/apache/coyote/http11/Constants
instanceKlass org/thymeleaf/inline/NoOpInliner
instanceKlass org/thymeleaf/engine/Attribute$1
instanceKlass org/thymeleaf/engine/Attributes
instanceKlass org/thymeleaf/engine/Attribute
instanceKlass org/attoparser/ParsingAttributeSequenceUtil
instanceKlass org/thymeleaf/model/IAttribute
instanceKlass org/thymeleaf/engine/ElementDefinitions$1
instanceKlass org/thymeleaf/engine/EngineEventUtils
instanceKlass org/attoparser/HtmlElements$HtmlElementRepository$ElementComparator
instanceKlass org/attoparser/HtmlElements$HtmlElementRepository
instanceKlass org/attoparser/HtmlElement
instanceKlass org/attoparser/HtmlElements
instanceKlass org/attoparser/HtmlNames
instanceKlass org/attoparser/MarkupEventProcessorHandler$StandardNamesRepository
instanceKlass org/attoparser/util/TextUtil
instanceKlass org/attoparser/ParsingLocatorUtil
instanceKlass org/attoparser/ParsingDocTypeMarkupUtil
instanceKlass org/attoparser/ParsingCDATASectionMarkupUtil
instanceKlass org/attoparser/ParsingCommentMarkupUtil
instanceKlass org/attoparser/ParsingElementMarkupUtil
instanceKlass org/attoparser/ParsingMarkupUtil
instanceKlass org/thymeleaf/standard/inline/AbstractStandardInliner
instanceKlass org/thymeleaf/standard/processor/StandardInlineEnablementTemplateBoundariesProcessor$1
instanceKlass org/attoparser/select/ParseSelection
instanceKlass org/attoparser/ParseStatus
instanceKlass org/attoparser/MarkupEventProcessorHandler$StructureNamesRepository
instanceKlass org/thymeleaf/templateparser/markup/InlinedOutputExpressionMarkupHandler$InlineMarkupAdapterPreProcessorHandler
instanceKlass org/thymeleaf/standard/inline/OutputExpressionInlinePreProcessorHandler
instanceKlass org/thymeleaf/standard/inline/IInlinePreProcessorHandler
instanceKlass org/thymeleaf/model/ITemplateStart
instanceKlass org/thymeleaf/model/ITemplateEnd
instanceKlass org/attoparser/AbstractMarkupHandler
instanceKlass org/thymeleaf/engine/TemplateManager$1
instanceKlass org/thymeleaf/engine/AbstractTemplateHandler
instanceKlass org/thymeleaf/engine/DecreaseContextLevelProcessable
instanceKlass org/thymeleaf/model/ICloseElementTag
instanceKlass org/thymeleaf/engine/AbstractGatheringModelProcessable
instanceKlass org/thymeleaf/engine/IGatheringModelProcessable
instanceKlass org/thymeleaf/engine/TemplateModelController
instanceKlass org/thymeleaf/engine/XMLDeclarationStructureHandler
instanceKlass org/thymeleaf/engine/TextStructureHandler
instanceKlass org/thymeleaf/engine/ProcessingInstructionStructureHandler
instanceKlass org/thymeleaf/engine/DocTypeStructureHandler
instanceKlass org/thymeleaf/engine/CommentStructureHandler
instanceKlass org/thymeleaf/engine/CDATASectionStructureHandler
instanceKlass org/thymeleaf/engine/TemplateBoundariesStructureHandler
instanceKlass org/thymeleaf/engine/ElementModelStructureHandler
instanceKlass org/thymeleaf/engine/ElementTagStructureHandler
instanceKlass org/thymeleaf/model/ICDATASection
instanceKlass org/thymeleaf/processor/cdatasection/ICDATASectionStructureHandler
instanceKlass org/thymeleaf/model/IProcessingInstruction
instanceKlass org/thymeleaf/processor/processinginstruction/IProcessingInstructionStructureHandler
instanceKlass org/thymeleaf/model/IOpenElementTag
instanceKlass org/thymeleaf/model/IXMLDeclaration
instanceKlass org/thymeleaf/processor/xmldeclaration/IXMLDeclarationStructureHandler
instanceKlass org/thymeleaf/processor/templateboundaries/ITemplateBoundariesStructureHandler
instanceKlass org/thymeleaf/processor/element/IElementModelStructureHandler
instanceKlass org/thymeleaf/processor/element/IElementTagStructureHandler
instanceKlass org/thymeleaf/engine/IEngineTemplateEvent
instanceKlass org/thymeleaf/engine/AbstractTemplateEvent
instanceKlass org/thymeleaf/model/IStandaloneElementTag
instanceKlass org/thymeleaf/model/IText
instanceKlass org/thymeleaf/processor/text/ITextStructureHandler
instanceKlass org/thymeleaf/model/IComment
instanceKlass org/thymeleaf/processor/comment/ICommentStructureHandler
instanceKlass org/thymeleaf/engine/IEngineProcessable
instanceKlass org/thymeleaf/model/IDocType
instanceKlass org/thymeleaf/processor/doctype/IDocTypeStructureHandler
instanceKlass org/thymeleaf/engine/ProcessorTemplateHandler
instanceKlass org/thymeleaf/context/WebEngineContext$NoOpMapImpl
instanceKlass org/thymeleaf/model/IProcessableElementTag
instanceKlass org/thymeleaf/model/IElementTag
instanceKlass org/thymeleaf/context/WebEngineContext$RequestAttributesVariablesMap$SelectionTarget
instanceKlass org/thymeleaf/context/AbstractEngineContext
instanceKlass org/thymeleaf/engine/EngineContextManager
instanceKlass org/thymeleaf/engine/TemplateData
instanceKlass org/thymeleaf/cache/NonCacheableCacheEntryValidity
instanceKlass org/thymeleaf/spring5/templateresource/SpringResourceTemplateResource
instanceKlass org/thymeleaf/cache/TemplateCacheKey
instanceKlass org/apache/tomcat/util/buf/C2BConverter
instanceKlass org/apache/tomcat/util/http/parser/MediaType
instanceKlass org/thymeleaf/util/ContentTypeUtils$ContentType
instanceKlass org/thymeleaf/util/ContentTypeUtils
instanceKlass org/thymeleaf/spring5/util/SpringContentTypeUtils
instanceKlass org/thymeleaf/expression/IExpressionObjects
instanceKlass org/thymeleaf/context/AbstractContext
instanceKlass org/thymeleaf/context/IWebContext
instanceKlass org/thymeleaf/Thymeleaf
instanceKlass org/thymeleaf/ConfigurationPrinterHelper$ConfigLogBuilder
instanceKlass org/thymeleaf/ConfigurationPrinterHelper
instanceKlass org/thymeleaf/templateparser/raw/RawParser$BufferPool
instanceKlass org/thymeleaf/templateparser/raw/RawParser
instanceKlass org/thymeleaf/templateparser/raw/IRawHandler
instanceKlass org/thymeleaf/templateparser/raw/RawTemplateParser
instanceKlass org/thymeleaf/templateparser/text/TextParser$BufferPool
instanceKlass org/thymeleaf/templateparser/text/TextParser
instanceKlass org/thymeleaf/templateparser/text/ITextHandler
instanceKlass org/thymeleaf/templateparser/text/AbstractTextTemplateParser
instanceKlass org/attoparser/MarkupParser$BufferPool
instanceKlass org/attoparser/MarkupParser
instanceKlass org/attoparser/config/ParseConfiguration$PrologParseConfiguration
instanceKlass org/attoparser/config/ParseConfiguration
instanceKlass org/attoparser/select/IMarkupSelectorReferenceResolver
instanceKlass org/attoparser/IMarkupHandler
instanceKlass org/attoparser/IProcessingInstructionHandler
instanceKlass org/attoparser/IElementHandler
instanceKlass org/attoparser/IAttributeSequenceHandler
instanceKlass org/attoparser/ITextHandler
instanceKlass org/attoparser/ICommentHandler
instanceKlass org/attoparser/ICDATASectionHandler
instanceKlass org/attoparser/IDocTypeHandler
instanceKlass org/attoparser/IXMLDeclarationHandler
instanceKlass org/attoparser/IDocumentHandler
instanceKlass org/attoparser/IMarkupParser
instanceKlass org/thymeleaf/templateparser/markup/AbstractMarkupTemplateParser
instanceKlass org/thymeleaf/cache/StandardCache$CacheDataContainer
instanceKlass org/thymeleaf/cache/StandardCache
instanceKlass org/thymeleaf/engine/ISSEThrottledTemplateWriterControl
instanceKlass org/thymeleaf/engine/IThrottledTemplateWriterControl
instanceKlass org/thymeleaf/engine/ITemplateHandler
instanceKlass org/thymeleaf/templateparser/ITemplateParser
instanceKlass org/thymeleaf/engine/TemplateManager
instanceKlass org/thymeleaf/engine/AttributeDefinitions$1
instanceKlass org/thymeleaf/engine/AttributeDefinitions$AttributeDefinitionRepository
instanceKlass org/thymeleaf/engine/AttributeDefinition
instanceKlass org/thymeleaf/engine/AttributeDefinitions
instanceKlass org/thymeleaf/engine/ElementDefinitions$ElementDefinitionRepository
instanceKlass org/thymeleaf/engine/ElementDefinitions$HTMLElementDefinitionSpec
instanceKlass org/thymeleaf/engine/ElementDefinition
instanceKlass org/thymeleaf/engine/ElementDefinitions
instanceKlass java/util/EnumMap$EntryIterator$Entry
instanceKlass org/thymeleaf/dialect/IPostProcessorDialect
instanceKlass org/thymeleaf/dialect/IPreProcessorDialect
instanceKlass org/thymeleaf/spring5/expression/Mvc$MethodArgumentBuilderWrapper
instanceKlass org/thymeleaf/spring5/expression/Mvc$Spring41MvcUriComponentsBuilderDelegate
instanceKlass org/thymeleaf/spring5/expression/Mvc$MvcUriComponentsBuilderDelegate
instanceKlass org/thymeleaf/spring5/expression/Mvc
instanceKlass org/thymeleaf/expression/Aggregates
instanceKlass org/thymeleaf/expression/Maps
instanceKlass org/thymeleaf/expression/Sets
instanceKlass org/thymeleaf/expression/Lists
instanceKlass org/thymeleaf/expression/Arrays
instanceKlass org/thymeleaf/expression/Objects
instanceKlass org/thymeleaf/expression/Bools
instanceKlass org/thymeleaf/expression/Uris
instanceKlass org/thymeleaf/standard/expression/StandardExpressionObjectFactory
instanceKlass org/thymeleaf/standard/serializer/StandardCSSSerializer
instanceKlass org/thymeleaf/standard/serializer/StandardJavaScriptSerializer$JacksonStandardJavaScriptSerializer
instanceKlass org/thymeleaf/standard/serializer/StandardJavaScriptSerializer
instanceKlass org/thymeleaf/standard/expression/AbstractStandardConversionService
instanceKlass org/thymeleaf/standard/expression/IStandardExpression
instanceKlass org/thymeleaf/standard/expression/StandardExpressionParser
instanceKlass org/thymeleaf/spring5/expression/SPELVariableExpressionEvaluator
instanceKlass org/thymeleaf/util/ProcessorComparators$PostProcessorPrecedenceComparator
instanceKlass org/thymeleaf/util/ProcessorComparators$PreProcessorPrecedenceComparator
instanceKlass org/thymeleaf/util/ProcessorComparators$ProcessorPrecedenceComparator
instanceKlass org/thymeleaf/util/ProcessorComparators
instanceKlass org/thymeleaf/util/ProcessorConfigurationUtils$AbstractProcessorWrapper
instanceKlass org/thymeleaf/engine/IElementDefinitionsAware
instanceKlass org/thymeleaf/processor/processinginstruction/IProcessingInstructionProcessor
instanceKlass org/thymeleaf/postprocessor/IPostProcessor
instanceKlass org/thymeleaf/processor/xmldeclaration/IXMLDeclarationProcessor
instanceKlass org/thymeleaf/preprocessor/IPreProcessor
instanceKlass org/thymeleaf/util/ProcessorConfigurationUtils
instanceKlass org/thymeleaf/model/ITemplateEvent
instanceKlass org/thymeleaf/processor/templateboundaries/ITemplateBoundariesProcessor
instanceKlass org/thymeleaf/processor/comment/ICommentProcessor
instanceKlass org/thymeleaf/processor/doctype/IDocTypeProcessor
instanceKlass org/thymeleaf/processor/cdatasection/ICDATASectionProcessor
instanceKlass org/thymeleaf/processor/text/ITextProcessor
instanceKlass org/thymeleaf/processor/element/MatchingElementName
instanceKlass org/thymeleaf/engine/ElementNames$ElementNamesRepository
instanceKlass org/thymeleaf/engine/ElementName
instanceKlass org/thymeleaf/engine/ElementNames
instanceKlass org/thymeleaf/inline/IInliner
instanceKlass org/thymeleaf/model/IModel
